#
# There is insufficient memory for the Java Runtime Environment to continue.
# Native memory allocation (mmap) failed to map 59768832 bytes for committing reserved memory.
# Possible reasons:
#   The system is out of physical RAM or swap space
#   In 32 bit mode, the process size limit was hit
# Possible solutions:
#   Reduce memory load on the system
#   Increase physical memory or swap space
#   Check if swap backing store is full
#   Use 64 bit Java on a 64 bit OS
#   Decrease Java heap size (-Xmx/-Xms)
#   Decrease number of Java threads
#   Decrease Java thread stack sizes (-Xss)
#   Set larger code cache with -XX:ReservedCodeCacheSize=
# This output file may be truncated or incomplete.
#
#  Out of Memory Error (os_linux.cpp:2643), pid=15771, tid=0x00007fd6bc2f2700
#
# JRE version: OpenJDK Runtime Environment (8.0_131-b11) (build 1.8.0_131-8u131-b11-2ubuntu1.16.04.3-b11)
# Java VM: OpenJDK 64-Bit Server VM (25.131-b11 mixed mode linux-amd64 compressed oops)
# Failed to write core dump. Core dumps have been disabled. To enable core dumping, try "ulimit -c unlimited" before starting Java again
#

---------------  T H R E A D  ---------------

Current thread (0x00007fd6cc142800):  VMThread [stack: 0x00007fd6bc1f2000,0x00007fd6bc2f3000] [id=15803]

Stack: [0x00007fd6bc1f2000,0x00007fd6bc2f3000],  sp=0x00007fd6bc2f14c0,  free space=1021k
Native frames: (J=compiled Java code, j=interpreted, Vv=VM code, C=native code)
V  [libjvm.so+0xa6a1bb]
V  [libjvm.so+0x4c5a6c]
V  [libjvm.so+0x8b85a0]
V  [libjvm.so+0x8b2a1e]
V  [libjvm.so+0x92d556]
V  [libjvm.so+0x92e883]
V  [libjvm.so+0x92af33]
V  [libjvm.so+0x92b1fc]
V  [libjvm.so+0x8dd093]
V  [libjvm.so+0xa6be72]
V  [libjvm.so+0xa70f57]
V  [libjvm.so+0xa6e727]
V  [libjvm.so+0xa6fbaf]
V  [libjvm.so+0xa700a1]
V  [libjvm.so+0x8b5a82]

VM_Operation (0x00007fd6983c5330): ParallelGCFailedAllocation, mode: safepoint, requested by thread 0x00007fd674002000


---------------  P R O C E S S  ---------------

Java Threads: ( => current thread )
  0x00007fd674002000 JavaThread "restartedMain" [_thread_blocked, id=15879, stack(0x00007fd6982ce000,0x00007fd6983cf000)]
  0x00007fd6cc75d000 JavaThread "Thread-0" [_thread_blocked, id=15878, stack(0x00007fd6983cf000,0x00007fd6984d0000)]
  0x00007fd6cc4ea800 JavaThread "Service Thread" daemon [_thread_blocked, id=15838, stack(0x00007fd69b7ea000,0x00007fd69b8eb000)]
  0x00007fd6cc4df800 JavaThread "C1 CompilerThread2" daemon [_thread_blocked, id=15837, stack(0x00007fd69b8eb000,0x00007fd69b9ec000)]
  0x00007fd6cc4dc800 JavaThread "C2 CompilerThread1" daemon [_thread_blocked, id=15836, stack(0x00007fd69b9ec000,0x00007fd69baed000)]
  0x00007fd6cc4db000 JavaThread "C2 CompilerThread0" daemon [_thread_blocked, id=15835, stack(0x00007fd69baed000,0x00007fd69bbee000)]
  0x00007fd6cc4d9800 JavaThread "Monitor Ctrl-Break" daemon [_thread_in_native, id=15834, stack(0x00007fd69bbee000,0x00007fd69bcef000)]
  0x00007fd6cc177800 JavaThread "Signal Dispatcher" daemon [_thread_blocked, id=15815, stack(0x00007fd6ac17e000,0x00007fd6ac27f000)]
  0x00007fd6cc14f000 JavaThread "Finalizer" daemon [_thread_blocked, id=15808, stack(0x00007fd6ac27f000,0x00007fd6ac380000)]
  0x00007fd6cc14a800 JavaThread "Reference Handler" daemon [_thread_blocked, id=15805, stack(0x00007fd6bc0f1000,0x00007fd6bc1f2000)]
  0x00007fd6cc00e000 JavaThread "main" [_thread_blocked, id=15784, stack(0x00007fd6d55ba000,0x00007fd6d56bb000)]

Other Threads:
=>0x00007fd6cc142800 VMThread [stack: 0x00007fd6bc1f2000,0x00007fd6bc2f3000] [id=15803]
  0x00007fd6cc4ec800 WatcherThread [stack: 0x00007fd69b6e9000,0x00007fd69b7ea000] [id=15839]

VM state:at safepoint (normal execution)

VM Mutex/Monitor currently owned by a thread:  ([mutex/lock_event])
[0x00007fd6cc00a6b0] Threads_lock - owner thread: 0x00007fd6cc142800
[0x00007fd6cc00abb0] Heap_lock - owner thread: 0x00007fd674002000

Heap:
 PSYoungGen      total 65536K, used 5111K [0x00000000d7b00000, 0x00000000dc200000, 0x0000000100000000)
  eden space 60416K, 0% used [0x00000000d7b00000,0x00000000d7b00000,0x00000000db600000)
  from space 5120K, 99% used [0x00000000dbd00000,0x00000000dc1fdc68,0x00000000dc200000)
  to   space 5120K, 0% used [0x00000000db600000,0x00000000db600000,0x00000000dbb00000)
 ParOldGen       total 83456K, used 3570K [0x0000000087000000, 0x000000008c180000, 0x00000000d7b00000)
  object space 83456K, 4% used [0x0000000087000000,0x000000008737ca48,0x000000008c180000)
 Metaspace       used 17528K, capacity 17832K, committed 18048K, reserved 1064960K
  class space    used 2046K, capacity 2125K, committed 2176K, reserved 1048576K

Card table byte_map: [0x00007fd6d16a5000,0x00007fd6d1a6e000] byte_map_base: 0x00007fd6d126d000

Marking Bits: (ParMarkBitMap*) 0x00007fd6d488e2c0
 Begin Bits: [0x00007fd6ac380000, 0x00007fd6ae1c0000)
 End Bits:   [0x00007fd6ae1c0000, 0x00007fd6b0000000)

Polling page: 0x00007fd6d56e1000

CodeCache: size=245760Kb used=4354Kb max_used=4354Kb free=241405Kb
 bounds [0x00007fd6bd000000, 0x00007fd6bd450000, 0x00007fd6cc000000]
 total_blobs=1613 nmethods=1278 adapters=247
 compilation: enabled

Compilation events (10 events):
Event: 109,973 Thread 0x00007fd6cc4df800 1355       3       org.springframework.util.AntPathMatcher::skipSegment (75 bytes)
Event: 109,976 Thread 0x00007fd6cc4df800 nmethod 1355 0x00007fd6bd43df10 code [0x00007fd6bd43e100, 0x00007fd6bd43ea08]
Event: 109,976 Thread 0x00007fd6cc4df800 1354       3       org.springframework.util.AntPathMatcher::skipSeparator (30 bytes)
Event: 109,977 Thread 0x00007fd6cc4df800 nmethod 1354 0x00007fd6bd43ee90 code [0x00007fd6bd43f020, 0x00007fd6bd43f408]
Event: 110,006 Thread 0x00007fd6cc4df800 1356       3       java.util.regex.Pattern$Curly::match (86 bytes)
Event: 110,008 Thread 0x00007fd6cc4df800 nmethod 1356 0x00007fd6bd43f5d0 code [0x00007fd6bd43f780, 0x00007fd6bd43fd98]
Event: 110,139 Thread 0x00007fd6cc4df800 1357       3       java.util.LinkedList::listIterator (15 bytes)
Event: 110,141 Thread 0x00007fd6cc4df800 nmethod 1357 0x00007fd6bd43ff50 code [0x00007fd6bd440100, 0x00007fd6bd440588]
Event: 110,141 Thread 0x00007fd6cc4df800 1358       3       java.util.LinkedList$ListItr::<init> (47 bytes)
Event: 110,143 Thread 0x00007fd6cc4df800 nmethod 1358 0x00007fd6bd440750 code [0x00007fd6bd4408c0, 0x00007fd6bd440b68]

GC Heap History (7 events):
Event: 28,425 GC heap before
{Heap before GC invocations=1 (full 0):
 PSYoungGen      total 36352K, used 31213K [0x00000000d7b00000, 0x00000000da380000, 0x0000000100000000)
  eden space 31232K, 99% used [0x00000000d7b00000,0x00000000d997b7f0,0x00000000d9980000)
  from space 5120K, 0% used [0x00000000d9e80000,0x00000000d9e80000,0x00000000da380000)
  to   space 5120K, 0% used [0x00000000d9980000,0x00000000d9980000,0x00000000d9e80000)
 ParOldGen       total 83456K, used 0K [0x0000000087000000, 0x000000008c180000, 0x00000000d7b00000)
  object space 83456K, 0% used [0x0000000087000000,0x0000000087000000,0x000000008c180000)
 Metaspace       used 6561K, capacity 6698K, committed 6912K, reserved 1056768K
  class space    used 747K, capacity 759K, committed 768K, reserved 1048576K
Event: 28,892 GC heap after
Heap after GC invocations=1 (full 0):
 PSYoungGen      total 36352K, used 3382K [0x00000000d7b00000, 0x00000000dc200000, 0x0000000100000000)
  eden space 31232K, 0% used [0x00000000d7b00000,0x00000000d7b00000,0x00000000d9980000)
  from space 5120K, 66% used [0x00000000d9980000,0x00000000d9ccd8b0,0x00000000d9e80000)
  to   space 5120K, 0% used [0x00000000dbd00000,0x00000000dbd00000,0x00000000dc200000)
 ParOldGen       total 83456K, used 8K [0x0000000087000000, 0x000000008c180000, 0x00000000d7b00000)
  object space 83456K, 0% used [0x0000000087000000,0x0000000087002000,0x000000008c180000)
 Metaspace       used 6561K, capacity 6698K, committed 6912K, reserved 1056768K
  class space    used 747K, capacity 759K, committed 768K, reserved 1048576K
}
Event: 33,682 GC heap before
{Heap before GC invocations=2 (full 0):
 PSYoungGen      total 36352K, used 34614K [0x00000000d7b00000, 0x00000000dc200000, 0x0000000100000000)
  eden space 31232K, 100% used [0x00000000d7b00000,0x00000000d9980000,0x00000000d9980000)
  from space 5120K, 66% used [0x00000000d9980000,0x00000000d9ccd8b0,0x00000000d9e80000)
  to   space 5120K, 0% used [0x00000000dbd00000,0x00000000dbd00000,0x00000000dc200000)
 ParOldGen       total 83456K, used 8K [0x0000000087000000, 0x000000008c180000, 0x00000000d7b00000)
  object space 83456K, 0% used [0x0000000087000000,0x0000000087002000,0x000000008c180000)
 Metaspace       used 7762K, capacity 7888K, committed 8192K, reserved 1056768K
  class space    used 900K, capacity 921K, committed 1024K, reserved 1048576K
Event: 33,685 GC heap after
Heap after GC invocations=2 (full 0):
 PSYoungGen      total 34304K, used 3008K [0x00000000d7b00000, 0x00000000dc000000, 0x0000000100000000)
  eden space 31232K, 0% used [0x00000000d7b00000,0x00000000d7b00000,0x00000000d9980000)
  from space 3072K, 97% used [0x00000000dbd00000,0x00000000dbff01f8,0x00000000dc000000)
  to   space 5120K, 0% used [0x00000000db600000,0x00000000db600000,0x00000000dbb00000)
 ParOldGen       total 83456K, used 16K [0x0000000087000000, 0x000000008c180000, 0x00000000d7b00000)
  object space 83456K, 0% used [0x0000000087000000,0x0000000087004000,0x000000008c180000)
 Metaspace       used 7762K, capacity 7888K, committed 8192K, reserved 1056768K
  class space    used 900K, capacity 921K, committed 1024K, reserved 1048576K
}
Event: 48,305 GC heap before
{Heap before GC invocations=3 (full 0):
 PSYoungGen      total 34304K, used 34240K [0x00000000d7b00000, 0x00000000dc000000, 0x0000000100000000)
  eden space 31232K, 100% used [0x00000000d7b00000,0x00000000d9980000,0x00000000d9980000)
  from space 3072K, 97% used [0x00000000dbd00000,0x00000000dbff01f8,0x00000000dc000000)
  to   space 5120K, 0% used [0x00000000db600000,0x00000000db600000,0x00000000dbb00000)
 ParOldGen       total 83456K, used 16K [0x0000000087000000, 0x000000008c180000, 0x00000000d7b00000)
  object space 83456K, 0% used [0x0000000087000000,0x0000000087004000,0x000000008c180000)
 Metaspace       used 10640K, capacity 10832K, committed 11136K, reserved 1058816K
  class space    used 1270K, capacity 1305K, committed 1408K, reserved 1048576K
Event: 49,093 GC heap after
Heap after GC invocations=3 (full 0):
 PSYoungGen      total 65536K, used 4566K [0x00000000d7b00000, 0x00000000dc200000, 0x0000000100000000)
  eden space 60416K, 0% used [0x00000000d7b00000,0x00000000d7b00000,0x00000000db600000)
  from space 5120K, 89% used [0x00000000db600000,0x00000000dba75bb0,0x00000000dbb00000)
  to   space 5120K, 0% used [0x00000000dbd00000,0x00000000dbd00000,0x00000000dc200000)
 ParOldGen       total 83456K, used 24K [0x0000000087000000, 0x000000008c180000, 0x00000000d7b00000)
  object space 83456K, 0% used [0x0000000087000000,0x0000000087006000,0x000000008c180000)
 Metaspace       used 10640K, capacity 10832K, committed 11136K, reserved 1058816K
  class space    used 1270K, capacity 1305K, committed 1408K, reserved 1048576K
}
Event: 110,484 GC heap before
{Heap before GC invocations=4 (full 0):
 PSYoungGen      total 65536K, used 64982K [0x00000000d7b00000, 0x00000000dc200000, 0x0000000100000000)
  eden space 60416K, 100% used [0x00000000d7b00000,0x00000000db600000,0x00000000db600000)
  from space 5120K, 89% used [0x00000000db600000,0x00000000dba75bb0,0x00000000dbb00000)
  to   space 5120K, 0% used [0x00000000dbd00000,0x00000000dbd00000,0x00000000dc200000)
 ParOldGen       total 83456K, used 24K [0x0000000087000000, 0x000000008c180000, 0x00000000d7b00000)
  object space 83456K, 0% used [0x0000000087000000,0x0000000087006000,0x000000008c180000)
 Metaspace       used 17528K, capacity 17832K, committed 18048K, reserved 1064960K
  class space    used 2046K, capacity 2125K, committed 2176K, reserved 1048576K

Deoptimization events (10 events):
Event: 68,327 Thread 0x00007fd678099000 Uncommon trap: reason=bimorphic action=maybe_recompile pc=0x00007fd6bd2e36f4 method=java.util.regex.Pattern$BmpCharProperty.match(Ljava/util/regex/Matcher;ILjava/lang/CharSequence;)Z @ 31
Event: 68,327 Thread 0x00007fd678099000 Uncommon trap: reason=unstable_if action=reinterpret pc=0x00007fd6bd2e368c method=java.util.regex.Pattern$BmpCharProperty.match(Ljava/util/regex/Matcher;ILjava/lang/CharSequence;)Z @ 5
Event: 70,872 Thread 0x00007fd674002000 Uncommon trap: reason=bimorphic action=maybe_recompile pc=0x00007fd6bd306050 method=java.util.HashMap.putVal(ILjava/lang/Object;Ljava/lang/Object;ZZ)Ljava/lang/Object; @ 253
Event: 70,872 Thread 0x00007fd674002000 Uncommon trap: reason=bimorphic action=maybe_recompile pc=0x00007fd6bd306050 method=java.util.HashMap.putVal(ILjava/lang/Object;Ljava/lang/Object;ZZ)Ljava/lang/Object; @ 253
Event: 70,872 Thread 0x00007fd674002000 Uncommon trap: reason=bimorphic action=maybe_recompile pc=0x00007fd6bd306050 method=java.util.HashMap.putVal(ILjava/lang/Object;Ljava/lang/Object;ZZ)Ljava/lang/Object; @ 253
Event: 70,872 Thread 0x00007fd674002000 Uncommon trap: reason=bimorphic action=maybe_recompile pc=0x00007fd6bd306050 method=java.util.HashMap.putVal(ILjava/lang/Object;Ljava/lang/Object;ZZ)Ljava/lang/Object; @ 253
Event: 109,563 Thread 0x00007fd674002000 Uncommon trap: reason=class_check action=maybe_recompile pc=0x00007fd6bd2d1358 method=java.util.regex.Pattern$CharProperty.match(Ljava/util/regex/Matcher;ILjava/lang/CharSequence;)Z @ 37
Event: 109,593 Thread 0x00007fd674002000 Uncommon trap: reason=class_check action=maybe_recompile pc=0x00007fd6bd2d1358 method=java.util.regex.Pattern$CharProperty.match(Ljava/util/regex/Matcher;ILjava/lang/CharSequence;)Z @ 37
Event: 109,593 Thread 0x00007fd674002000 Uncommon trap: reason=class_check action=maybe_recompile pc=0x00007fd6bd2d1358 method=java.util.regex.Pattern$CharProperty.match(Ljava/util/regex/Matcher;ILjava/lang/CharSequence;)Z @ 37
Event: 109,593 Thread 0x00007fd674002000 Uncommon trap: reason=class_check action=maybe_recompile pc=0x00007fd6bd2d1358 method=java.util.regex.Pattern$CharProperty.match(Ljava/util/regex/Matcher;ILjava/lang/CharSequence;)Z @ 37

Internal exceptions (10 events):
Event: 65,678 Thread 0x00007fd678099000 Exception <a 'java/lang/NoClassDefFoundError': org/apache/catalina/mbeans/MBeanFactory> (0x00000000d9df37b8) thrown at [/build/openjdk-8-pZyJp3/openjdk-8-8u131-b11/src/hotspot/src/share/vm/classfile/systemDictionary.cpp, line 199]
Event: 83,486 Thread 0x00007fd678099000 Exception <a 'java/lang/NoSuchFieldError': method resolution failed> (0x00000000dae61e50) thrown at [/build/openjdk-8-pZyJp3/openjdk-8-8u131-b11/src/hotspot/src/share/vm/prims/methodHandles.cpp, line 1146]
Event: 83,506 Thread 0x00007fd678099000 Exception <a 'java/lang/NoSuchFieldError': method resolution failed> (0x00000000dae6fde0) thrown at [/build/openjdk-8-pZyJp3/openjdk-8-8u131-b11/src/hotspot/src/share/vm/prims/methodHandles.cpp, line 1146]
Event: 104,934 Thread 0x00007fd674002000 Exception <a 'java/lang/ClassNotFoundException': java/lang/ObjectCustomizer> (0x00000000db0e98a8) thrown at [/build/openjdk-8-pZyJp3/openjdk-8-8u131-b11/src/hotspot/src/share/vm/classfile/systemDictionary.cpp, line 210]
Event: 105,195 Thread 0x00007fd674002000 Exception <a 'java/lang/ClassNotFoundException': org/springframework/context/annotation/ConfigurationClassPostProcessorCustomizer> (0x00000000db10b580) thrown at [/build/openjdk-8-pZyJp3/openjdk-8-8u131-b11/src/hotspot/src/share/vm/classfile/systemDiction
Event: 105,339 Thread 0x00007fd674002000 Exception <a 'java/lang/ClassNotFoundException': org/springframework/beans/factory/support/BeanDefinitionRegistryPostProcessorCustomizer> (0x00000000db1a53b0) thrown at [/build/openjdk-8-pZyJp3/openjdk-8-8u131-b11/src/hotspot/src/share/vm/classfile/system
Event: 105,341 Thread 0x00007fd674002000 Exception <a 'java/lang/ClassNotFoundException': org/springframework/core/PriorityOrderedCustomizer> (0x00000000db1bb908) thrown at [/build/openjdk-8-pZyJp3/openjdk-8-8u131-b11/src/hotspot/src/share/vm/classfile/systemDictionary.cpp, line 210]
Event: 105,587 Thread 0x00007fd674002000 Exception <a 'java/lang/ClassNotFoundException': org/springframework/context/ResourceLoaderAwareCustomizer> (0x00000000db1d3548) thrown at [/build/openjdk-8-pZyJp3/openjdk-8-8u131-b11/src/hotspot/src/share/vm/classfile/systemDictionary.cpp, line 210]
Event: 105,589 Thread 0x00007fd674002000 Exception <a 'java/lang/ClassNotFoundException': org/springframework/beans/factory/BeanClassLoaderAwareCustomizer> (0x00000000db1ee530) thrown at [/build/openjdk-8-pZyJp3/openjdk-8-8u131-b11/src/hotspot/src/share/vm/classfile/systemDictionary.cpp, line 21
Event: 105,589 Thread 0x00007fd674002000 Exception <a 'java/lang/ClassNotFoundException': org/springframework/context/EnvironmentAwareCustomizer> (0x00000000db2067c0) thrown at [/build/openjdk-8-pZyJp3/openjdk-8-8u131-b11/src/hotspot/src/share/vm/classfile/systemDictionary.cpp, line 210]

Events (10 events):
Event: 110,376 loading class org/springframework/asm/MethodVisitor done
Event: 110,378 loading class org/springframework/core/type/classreading/ClassMetadataReadingVisitor$EmptyMethodVisitor
Event: 110,378 loading class org/springframework/core/type/classreading/ClassMetadataReadingVisitor$EmptyMethodVisitor done
Event: 110,380 loading class org/springframework/core/type/classreading/AnnotationAttributesReadingVisitor
Event: 110,380 loading class org/springframework/core/type/classreading/AnnotationAttributesReadingVisitor done
Event: 110,381 loading class org/springframework/core/type/classreading/RecursiveAnnotationAttributesVisitor
Event: 110,381 loading class org/springframework/core/type/classreading/RecursiveAnnotationAttributesVisitor done
Event: 110,383 loading class org/springframework/core/type/classreading/AbstractRecursiveAnnotationVisitor
Event: 110,383 loading class org/springframework/core/type/classreading/AbstractRecursiveAnnotationVisitor done
Event: 110,444 Executing VM operation: ParallelGCFailedAllocation


Dynamic libraries:
00400000-00401000 r-xp 00000000 08:05 22549717                           /usr/lib/jvm/java-8-openjdk-amd64/jre/bin/java
00600000-00601000 r--p 00000000 08:05 22549717                           /usr/lib/jvm/java-8-openjdk-amd64/jre/bin/java
00601000-00602000 rw-p 00001000 08:05 22549717                           /usr/lib/jvm/java-8-openjdk-amd64/jre/bin/java
00680000-006a1000 rw-p 00000000 00:00 0                                  [heap]
87000000-8c180000 rw-p 00000000 00:00 0 
8c180000-d7b00000 ---p 00000000 00:00 0 
d7b00000-dc200000 rw-p 00000000 00:00 0 
dfb00000-100000000 ---p 00000000 00:00 0 
100000000-100220000 rw-p 00000000 00:00 0 
100220000-140000000 ---p 00000000 00:00 0 
7fd66c000000-7fd66c1c8000 rw-p 00000000 00:00 0 
7fd66c1c8000-7fd670000000 ---p 00000000 00:00 0 
7fd6736ff000-7fd67387f000 rw-p 00000000 00:00 0 
7fd67387f000-7fd6738ff000 ---p 00000000 00:00 0 
7fd6738ff000-7fd673aff000 rw-p 00000000 00:00 0 
7fd673aff000-7fd673cff000 rw-p 00000000 00:00 0 
7fd673cff000-7fd673eff000 rw-p 00000000 00:00 0 
7fd673eff000-7fd673f02000 ---p 00000000 00:00 0 
7fd673f02000-7fd674000000 rw-p 00000000 00:00 0 
7fd674000000-7fd674021000 rw-p 00000000 00:00 0 
7fd674021000-7fd678000000 ---p 00000000 00:00 0 
7fd678000000-7fd67822f000 rw-p 00000000 00:00 0 
7fd67822f000-7fd67c000000 ---p 00000000 00:00 0 
7fd67c000000-7fd67c021000 rw-p 00000000 00:00 0 
7fd67c021000-7fd680000000 ---p 00000000 00:00 0 
7fd680000000-7fd680021000 rw-p 00000000 00:00 0 
7fd680021000-7fd684000000 ---p 00000000 00:00 0 
7fd684000000-7fd684376000 rw-p 00000000 00:00 0 
7fd684376000-7fd688000000 ---p 00000000 00:00 0 
7fd688000000-7fd688387000 rw-p 00000000 00:00 0 
7fd688387000-7fd68c000000 ---p 00000000 00:00 0 
7fd68c000000-7fd68c021000 rw-p 00000000 00:00 0 
7fd68c021000-7fd690000000 ---p 00000000 00:00 0 
7fd690000000-7fd6906b9000 rw-p 00000000 00:00 0 
7fd6906b9000-7fd694000000 ---p 00000000 00:00 0 
7fd694000000-7fd694021000 rw-p 00000000 00:00 0 
7fd694021000-7fd698000000 ---p 00000000 00:00 0 
7fd6980c4000-7fd6980cd000 r-xp 00000000 08:05 22419118                   /usr/lib/jvm/java-8-openjdk-amd64/jre/lib/amd64/libmanagement.so
7fd6980cd000-7fd6982cc000 ---p 00009000 08:05 22419118                   /usr/lib/jvm/java-8-openjdk-amd64/jre/lib/amd64/libmanagement.so
7fd6982cc000-7fd6982cd000 r--p 00008000 08:05 22419118                   /usr/lib/jvm/java-8-openjdk-amd64/jre/lib/amd64/libmanagement.so
7fd6982cd000-7fd6982ce000 rw-p 00009000 08:05 22419118                   /usr/lib/jvm/java-8-openjdk-amd64/jre/lib/amd64/libmanagement.so
7fd6982ce000-7fd6982d1000 ---p 00000000 00:00 0 
7fd6982d1000-7fd6983cf000 rw-p 00000000 00:00 0 
7fd6983cf000-7fd6983d2000 ---p 00000000 00:00 0 
7fd6983d2000-7fd69b4d1000 rw-p 00000000 00:00 0 
7fd69b4d1000-7fd69b4e8000 r-xp 00000000 08:05 22419124                   /usr/lib/jvm/java-8-openjdk-amd64/jre/lib/amd64/libnet.so
7fd69b4e8000-7fd69b6e7000 ---p 00017000 08:05 22419124                   /usr/lib/jvm/java-8-openjdk-amd64/jre/lib/amd64/libnet.so
7fd69b6e7000-7fd69b6e8000 r--p 00016000 08:05 22419124                   /usr/lib/jvm/java-8-openjdk-amd64/jre/lib/amd64/libnet.so
7fd69b6e8000-7fd69b6e9000 rw-p 00017000 08:05 22419124                   /usr/lib/jvm/java-8-openjdk-amd64/jre/lib/amd64/libnet.so
7fd69b6e9000-7fd69b6ea000 ---p 00000000 00:00 0 
7fd69b6ea000-7fd69b7ea000 rw-p 00000000 00:00 0 
7fd69b7ea000-7fd69b7ed000 ---p 00000000 00:00 0 
7fd69b7ed000-7fd69b8eb000 rw-p 00000000 00:00 0 
7fd69b8eb000-7fd69b8ee000 ---p 00000000 00:00 0 
7fd69b8ee000-7fd69b9ec000 rw-p 00000000 00:00 0 
7fd69b9ec000-7fd69b9ef000 ---p 00000000 00:00 0 
7fd69b9ef000-7fd69baed000 rw-p 00000000 00:00 0 
7fd69baed000-7fd69baf0000 ---p 00000000 00:00 0 
7fd69baf0000-7fd69bbee000 rw-p 00000000 00:00 0 
7fd69bbee000-7fd69bbf1000 ---p 00000000 00:00 0 
7fd69bbf1000-7fd69bcef000 rw-p 00000000 00:00 0 
7fd69bcef000-7fd69bd06000 r--s 000fc000 08:05 8784767                    /home/elton/.m2/repository/org/springframework/spring-core/4.3.11.RELEASE/spring-core-4.3.11.RELEASE.jar
7fd69bd06000-7fd69bd26000 r--s 000e6000 08:05 8784749                    /home/elton/.m2/repository/org/springframework/boot/spring-boot-autoconfigure/1.5.7.RELEASE/spring-boot-autoconfigure-1.5.7.RELEASE.jar
7fd69bd26000-7fd69c000000 r--p 00000000 08:05 22151548                   /usr/lib/locale/locale-archive
7fd69c000000-7fd69c021000 rw-p 00000000 00:00 0 
7fd69c021000-7fd6a0000000 ---p 00000000 00:00 0 
7fd6a0000000-7fd6a0021000 rw-p 00000000 00:00 0 
7fd6a0021000-7fd6a4000000 ---p 00000000 00:00 0 
7fd6a4000000-7fd6a4021000 rw-p 00000000 00:00 0 
7fd6a4021000-7fd6a8000000 ---p 00000000 00:00 0 
7fd6a8000000-7fd6a8021000 rw-p 00000000 00:00 0 
7fd6a8021000-7fd6ac000000 ---p 00000000 00:00 0 
7fd6ac002000-7fd6ac004000 r--s 0001a000 08:05 660255                     /opt/intellij-idea-community/lib/idea_rt.jar
7fd6ac004000-7fd6ac00e000 r--s 000eb000 08:05 8784751                    /home/elton/.m2/repository/mysql/mysql-connector-java/5.1.44/mysql-connector-java-5.1.44.jar
7fd6ac00e000-7fd6ac01e000 r--s 00095000 08:05 8784747                    /home/elton/.m2/repository/org/springframework/boot/spring-boot/1.5.7.RELEASE/spring-boot-1.5.7.RELEASE.jar
7fd6ac01e000-7fd6ac024000 r--s 0002f000 08:05 8784745                    /home/elton/.m2/repository/org/springframework/boot/spring-boot-devtools/1.5.7.RELEASE/spring-boot-devtools-1.5.7.RELEASE.jar
7fd6ac024000-7fd6ac029000 r--s 0003c000 08:05 8784743                    /home/elton/.m2/repository/org/springframework/spring-expression/4.3.11.RELEASE/spring-expression-4.3.11.RELEASE.jar
7fd6ac029000-7fd6ac03a000 r--s 000cf000 08:05 8784741                    /home/elton/.m2/repository/org/springframework/spring-webmvc/4.3.11.RELEASE/spring-webmvc-4.3.11.RELEASE.jar
7fd6ac03a000-7fd6ac04b000 r--s 000b8000 08:05 8784739                    /home/elton/.m2/repository/org/springframework/spring-web/4.3.11.RELEASE/spring-web-4.3.11.RELEASE.jar
7fd6ac04b000-7fd6ac04f000 r--s 00042000 08:05 8784737                    /home/elton/.m2/repository/com/fasterxml/jackson/core/jackson-core/2.8.10/jackson-core-2.8.10.jar
7fd6ac04f000-7fd6ac052000 r--s 0000b000 08:05 3542193                    /home/elton/.m2/repository/com/fasterxml/jackson/core/jackson-annotations/2.8.0/jackson-annotations-2.8.0.jar
7fd6ac052000-7fd6ac064000 r--s 0011e000 08:05 8784735                    /home/elton/.m2/repository/com/fasterxml/jackson/core/jackson-databind/2.8.10/jackson-databind-2.8.10.jar
7fd6ac064000-7fd6ac066000 r--s 0000e000 08:05 8784733                    /home/elton/.m2/repository/com/fasterxml/classmate/1.3.4/classmate-1.3.4.jar
7fd6ac066000-7fd6ac06a000 r--s 0000c000 08:05 3410241                    /home/elton/.m2/repository/javax/validation/validation-api/1.1.0.Final/validation-api-1.1.0.Final.jar
7fd6ac06a000-7fd6ac07b000 r--s 000a1000 08:05 3410659                    /home/elton/.m2/repository/org/hibernate/hibernate-validator/5.3.5.Final/hibernate-validator-5.3.5.Final.jar
7fd6ac07b000-7fd6ac07c000 r--s 00000000 08:05 8784731                    /home/elton/.m2/repository/org/springframework/boot/spring-boot-starter-web/1.5.7.RELEASE/spring-boot-starter-web-1.5.7.RELEASE.jar
7fd6ac07c000-7fd6ac0c8000 r--s 0040e000 08:05 5246960                    /home/elton/.m2/repository/org/codehaus/groovy/groovy/2.4.12/groovy-2.4.12.jar
7fd6ac0c8000-7fd6ac0cb000 r--s 0001a000 08:05 5115574                    /home/elton/.m2/repository/nz/net/ultraq/thymeleaf/thymeleaf-layout-dialect/1.4.0/thymeleaf-layout-dialect-1.4.0.jar
7fd6ac0cb000-7fd6ac0ce000 r--s 00020000 08:05 4984259                    /home/elton/.m2/repository/org/unbescape/unbescape/1.1.0.RELEASE/unbescape-1.1.0.RELEASE.jar
7fd6ac0ce000-7fd6ac0d1000 r--s 00035000 08:05 4984255                    /home/elton/.m2/repository/ognl/ognl/3.0.8/ognl-3.0.8.jar
7fd6ac0d1000-7fd6ac0de000 r--s 000b7000 08:05 4853674                    /home/elton/.m2/repository/org/thymeleaf/thymeleaf/2.1.5.RELEASE/thymeleaf-2.1.5.RELEASE.jar
7fd6ac0de000-7fd6ac0e1000 r--s 00034000 08:05 4853672                    /home/elton/.m2/repository/org/thymeleaf/thymeleaf-spring4/2.1.5.RELEASE/thymeleaf-spring4-2.1.5.RELEASE.jar
7fd6ac0e1000-7fd6ac0e4000 r--s 0000c000 08:05 8784727                    /home/elton/.m2/repository/org/springframework/spring-aspects/4.3.11.RELEASE/spring-aspects-4.3.11.RELEASE.jar
7fd6ac0e4000-7fd6ac0e6000 r--s 00003000 08:05 3410662                    /home/elton/.m2/repository/org/slf4j/jcl-over-slf4j/1.7.25/jcl-over-slf4j-1.7.25.jar
7fd6ac0e6000-7fd6ac0f4000 r--s 000ad000 08:05 8784725                    /home/elton/.m2/repository/org/springframework/spring-beans/4.3.11.RELEASE/spring-beans-4.3.11.RELEASE.jar
7fd6ac0f4000-7fd6ac0fc000 r--s 0003a000 08:05 8784723                    /home/elton/.m2/repository/org/springframework/spring-tx/4.3.11.RELEASE/spring-tx-4.3.11.RELEASE.jar
7fd6ac0fc000-7fd6ac115000 r--s 000fe000 08:05 8784721                    /home/elton/.m2/repository/org/springframework/spring-context/4.3.11.RELEASE/spring-context-4.3.11.RELEASE.jar
7fd6ac115000-7fd6ac17e000 r--s 004f3000 08:05 3411304                    /home/elton/.m2/repository/org/hibernate/hibernate-core/5.0.12.Final/hibernate-core-5.0.12.Final.jar
7fd6ac17e000-7fd6ac181000 ---p 00000000 00:00 0 
7fd6ac181000-7fd6ac27f000 rw-p 00000000 00:00 0 
7fd6ac27f000-7fd6ac282000 ---p 00000000 00:00 0 
7fd6ac282000-7fd6b0000000 rw-p 00000000 00:00 0 
7fd6b0000000-7fd6b0021000 rw-p 00000000 00:00 0 
7fd6b0021000-7fd6b4000000 ---p 00000000 00:00 0 
7fd6b4000000-7fd6b4021000 rw-p 00000000 00:00 0 
7fd6b4021000-7fd6b8000000 ---p 00000000 00:00 0 
7fd6b8000000-7fd6b8021000 rw-p 00000000 00:00 0 
7fd6b8021000-7fd6bc000000 ---p 00000000 00:00 0 
7fd6bc000000-7fd6bc001000 r--s 00000000 08:05 8784729                    /home/elton/.m2/repository/org/springframework/boot/spring-boot-starter-thymeleaf/1.5.7.RELEASE/spring-boot-starter-thymeleaf-1.5.7.RELEASE.jar
7fd6bc001000-7fd6bc003000 r--s 00009000 08:05 3802694                    /home/elton/.m2/repository/org/slf4j/slf4j-api/1.7.25/slf4j-api-1.7.25.jar
7fd6bc003000-7fd6bc00d000 r--s 0006b000 08:05 8784719                    /home/elton/.m2/repository/org/springframework/spring-orm/4.3.11.RELEASE/spring-orm-4.3.11.RELEASE.jar
7fd6bc00d000-7fd6bc020000 r--s 000ad000 08:05 8784717                    /home/elton/.m2/repository/org/springframework/data/spring-data-commons/1.13.7.RELEASE/spring-data-commons-1.13.7.RELEASE.jar
7fd6bc020000-7fd6bc027000 r--s 00040000 08:05 8784715                    /home/elton/.m2/repository/org/springframework/data/spring-data-jpa/1.11.7.RELEASE/spring-data-jpa-1.11.7.RELEASE.jar
7fd6bc027000-7fd6bc029000 r--s 00006000 08:05 3542314                    /home/elton/.m2/repository/javax/transaction/javax.transaction-api/1.2/javax.transaction-api-1.2.jar
7fd6bc029000-7fd6bc036000 r--s 00089000 08:05 3542312                    /home/elton/.m2/repository/org/hibernate/hibernate-entitymanager/5.0.12.Final/hibernate-entitymanager-5.0.12.Final.jar
7fd6bc036000-7fd6bc039000 r--s 00010000 08:05 3542232                    /home/elton/.m2/repository/org/hibernate/common/hibernate-commons-annotations/5.0.1.Final/hibernate-commons-annotations-5.0.1.Final.jar
7fd6bc039000-7fd6bc03e000 r--s 00048000 08:05 3410223                    /home/elton/.m2/repository/dom4j/dom4j/1.6.1/dom4j-1.6.1.jar
7fd6bc03e000-7fd6bc041000 r--s 0002b000 08:05 3411308                    /home/elton/.m2/repository/org/jboss/jandex/2.0.0.Final/jandex-2.0.0.Final.jar
7fd6bc041000-7fd6bc046000 r--s 00068000 08:05 3410233                    /home/elton/.m2/repository/antlr/antlr/2.7.7/antlr-2.7.7.jar
7fd6bc046000-7fd6bc050000 r--s 000aa000 08:05 4984257                    /home/elton/.m2/repository/org/javassist/javassist/3.21.0-GA/javassist-3.21.0-GA.jar
7fd6bc050000-7fd6bc055000 r--s 00017000 08:05 3410229                    /home/elton/.m2/repository/org/hibernate/javax/persistence/hibernate-jpa-2.1-api/1.0.0.Final/hibernate-jpa-2.1-api-1.0.0.Final.jar
7fd6bc055000-7fd6bc058000 r--s 0000e000 08:05 3802605                    /home/elton/.m2/repository/org/jboss/logging/jboss-logging/3.3.1.Final/jboss-logging-3.3.1.Final.jar
7fd6bc058000-7fd6bc062000 r--s 0005f000 08:05 8784713                    /home/elton/.m2/repository/org/springframework/spring-jdbc/4.3.11.RELEASE/spring-jdbc-4.3.11.RELEASE.jar
7fd6bc062000-7fd6bc064000 r--s 0000a000 08:05 8784711                    /home/elton/.m2/repository/org/apache/tomcat/tomcat-juli/8.5.20/tomcat-juli-8.5.20.jar
7fd6bc064000-7fd6bc067000 r--s 00021000 08:05 8784709                    /home/elton/.m2/repository/org/apache/tomcat/tomcat-jdbc/8.5.20/tomcat-jdbc-8.5.20.jar
7fd6bc067000-7fd6bc068000 r--s 00000000 08:05 8784707                    /home/elton/.m2/repository/org/springframework/boot/spring-boot-starter-jdbc/1.5.7.RELEASE/spring-boot-starter-jdbc-1.5.7.RELEASE.jar
7fd6bc068000-7fd6bc080000 r--s 001bf000 08:05 3542304                    /home/elton/.m2/repository/org/aspectj/aspectjweaver/1.8.10/aspectjweaver-1.8.10.jar
7fd6bc080000-7fd6bc089000 r--s 00054000 08:05 8784705                    /home/elton/.m2/repository/org/springframework/spring-aop/4.3.11.RELEASE/spring-aop-4.3.11.RELEASE.jar
7fd6bc089000-7fd6bc08f000 r--s 0003d000 08:05 4591279                    /home/elton/.m2/repository/org/yaml/snakeyaml/1.17/snakeyaml-1.17.jar
7fd6bc08f000-7fd6bc091000 r--s 00004000 08:05 3802692                    /home/elton/.m2/repository/org/slf4j/log4j-over-slf4j/1.7.25/log4j-over-slf4j-1.7.25.jar
7fd6bc091000-7fd6bc09c000 r--s 0006a000 08:05 4460073                    /home/elton/.m2/repository/ch/qos/logback/logback-core/1.1.11/logback-core-1.1.11.jar
7fd6bc09c000-7fd6bc0a3000 r--s 00045000 08:05 4460071                    /home/elton/.m2/repository/ch/qos/logback/logback-classic/1.1.11/logback-classic-1.1.11.jar
7fd6bc0a3000-7fd6bc0b6000 r--s 00346000 08:05 22289471                   /usr/lib/jvm/java-8-openjdk-amd64/jre/lib/resources.jar
7fd6bc0b6000-7fd6bc0bb000 r--s 0009a000 08:05 22289470                   /usr/lib/jvm/java-8-openjdk-amd64/jre/lib/jsse.jar
7fd6bc0bb000-7fd6bc0d6000 r--s 00394000 08:05 22414976                   /usr/lib/jvm/java-8-openjdk-amd64/jre/lib/ext/cldrdata.jar
7fd6bc0d6000-7fd6bc0f1000 r--s 001d6000 08:05 22414977                   /usr/lib/jvm/java-8-openjdk-amd64/jre/lib/ext/nashorn.jar
7fd6bc0f1000-7fd6bc0f4000 ---p 00000000 00:00 0 
7fd6bc0f4000-7fd6bc1f2000 rw-p 00000000 00:00 0 
7fd6bc1f2000-7fd6bc1f3000 ---p 00000000 00:00 0 
7fd6bc1f3000-7fd6bd000000 rw-p 00000000 00:00 0 
7fd6bd000000-7fd6bd450000 rwxp 00000000 00:00 0 
7fd6bd450000-7fd6cc000000 ---p 00000000 00:00 0 
7fd6cc000000-7fd6cc767000 rw-p 00000000 00:00 0 
7fd6cc767000-7fd6d0000000 ---p 00000000 00:00 0 
7fd6d0000000-7fd6d0001000 r--s 00000000 08:05 8784703                    /home/elton/.m2/repository/org/springframework/boot/spring-boot-starter-aop/1.5.7.RELEASE/spring-boot-starter-aop-1.5.7.RELEASE.jar
7fd6d0001000-7fd6d0003000 r--s 00000000 08:05 3802690                    /home/elton/.m2/repository/org/slf4j/jul-to-slf4j/1.7.25/jul-to-slf4j-1.7.25.jar
7fd6d0003000-7fd6d000d000 r--s 00116000 08:05 22414978                   /usr/lib/jvm/java-8-openjdk-amd64/jre/lib/ext/localedata.jar
7fd6d000d000-7fd6d020f000 rw-p 00000000 00:00 0 
7fd6d020f000-7fd6d03dd000 r--s 03c13000 08:05 22289469                   /usr/lib/jvm/java-8-openjdk-amd64/jre/lib/rt.jar
7fd6d03dd000-7fd6d101b000 rw-p 00000000 00:00 0 
7fd6d101b000-7fd6d101c000 ---p 00000000 00:00 0 
7fd6d101c000-7fd6d111c000 rw-p 00000000 00:00 0 
7fd6d111c000-7fd6d111d000 ---p 00000000 00:00 0 
7fd6d111d000-7fd6d121d000 rw-p 00000000 00:00 0 
7fd6d121d000-7fd6d121e000 ---p 00000000 00:00 0 
7fd6d121e000-7fd6d131e000 rw-p 00000000 00:00 0 
7fd6d131e000-7fd6d131f000 ---p 00000000 00:00 0 
7fd6d131f000-7fd6d1448000 rw-p 00000000 00:00 0 
7fd6d1448000-7fd6d16a5000 ---p 00000000 00:00 0 
7fd6d16a5000-7fd6d16ce000 rw-p 00000000 00:00 0 
7fd6d16ce000-7fd6d192a000 ---p 00000000 00:00 0 
7fd6d192a000-7fd6d194e000 rw-p 00000000 00:00 0 
7fd6d194e000-7fd6d1a6d000 ---p 00000000 00:00 0 
7fd6d1a6d000-7fd6d1a80000 rw-p 00000000 00:00 0 
7fd6d1a80000-7fd6d1e2e000 ---p 00000000 00:00 0 
7fd6d1e2e000-7fd6d1e36000 r-xp 00000000 08:05 22419115                   /usr/lib/jvm/java-8-openjdk-amd64/jre/lib/amd64/libzip.so
7fd6d1e36000-7fd6d2035000 ---p 00008000 08:05 22419115                   /usr/lib/jvm/java-8-openjdk-amd64/jre/lib/amd64/libzip.so
7fd6d2035000-7fd6d2036000 r--p 00007000 08:05 22419115                   /usr/lib/jvm/java-8-openjdk-amd64/jre/lib/amd64/libzip.so
7fd6d2036000-7fd6d2037000 rw-p 00008000 08:05 22419115                   /usr/lib/jvm/java-8-openjdk-amd64/jre/lib/amd64/libzip.so
7fd6d2037000-7fd6d2042000 r-xp 00000000 08:05 16913147                   /lib/x86_64-linux-gnu/libnss_files-2.23.so
7fd6d2042000-7fd6d2241000 ---p 0000b000 08:05 16913147                   /lib/x86_64-linux-gnu/libnss_files-2.23.so
7fd6d2241000-7fd6d2242000 r--p 0000a000 08:05 16913147                   /lib/x86_64-linux-gnu/libnss_files-2.23.so
7fd6d2242000-7fd6d2243000 rw-p 0000b000 08:05 16913147                   /lib/x86_64-linux-gnu/libnss_files-2.23.so
7fd6d2243000-7fd6d2249000 rw-p 00000000 00:00 0 
7fd6d2249000-7fd6d2254000 r-xp 00000000 08:05 16913150                   /lib/x86_64-linux-gnu/libnss_nis-2.23.so
7fd6d2254000-7fd6d2453000 ---p 0000b000 08:05 16913150                   /lib/x86_64-linux-gnu/libnss_nis-2.23.so
7fd6d2453000-7fd6d2454000 r--p 0000a000 08:05 16913150                   /lib/x86_64-linux-gnu/libnss_nis-2.23.so
7fd6d2454000-7fd6d2455000 rw-p 0000b000 08:05 16913150                   /lib/x86_64-linux-gnu/libnss_nis-2.23.so
7fd6d2455000-7fd6d246b000 r-xp 00000000 08:05 16912780                   /lib/x86_64-linux-gnu/libnsl-2.23.so
7fd6d246b000-7fd6d266a000 ---p 00016000 08:05 16912780                   /lib/x86_64-linux-gnu/libnsl-2.23.so
7fd6d266a000-7fd6d266b000 r--p 00015000 08:05 16912780                   /lib/x86_64-linux-gnu/libnsl-2.23.so
7fd6d266b000-7fd6d266c000 rw-p 00016000 08:05 16912780                   /lib/x86_64-linux-gnu/libnsl-2.23.so
7fd6d266c000-7fd6d266e000 rw-p 00000000 00:00 0 
7fd6d266e000-7fd6d2676000 r-xp 00000000 08:05 16913156                   /lib/x86_64-linux-gnu/libnss_compat-2.23.so
7fd6d2676000-7fd6d2875000 ---p 00008000 08:05 16913156                   /lib/x86_64-linux-gnu/libnss_compat-2.23.so
7fd6d2875000-7fd6d2876000 r--p 00007000 08:05 16913156                   /lib/x86_64-linux-gnu/libnss_compat-2.23.so
7fd6d2876000-7fd6d2877000 rw-p 00008000 08:05 16913156                   /lib/x86_64-linux-gnu/libnss_compat-2.23.so
7fd6d2877000-7fd6d2881000 r-xp 00000000 08:05 22414987                   /usr/lib/jvm/java-8-openjdk-amd64/jre/lib/amd64/libinstrument.so
7fd6d2881000-7fd6d2a80000 ---p 0000a000 08:05 22414987                   /usr/lib/jvm/java-8-openjdk-amd64/jre/lib/amd64/libinstrument.so
7fd6d2a80000-7fd6d2a81000 r--p 00009000 08:05 22414987                   /usr/lib/jvm/java-8-openjdk-amd64/jre/lib/amd64/libinstrument.so
7fd6d2a81000-7fd6d2a82000 rw-p 0000a000 08:05 22414987                   /usr/lib/jvm/java-8-openjdk-amd64/jre/lib/amd64/libinstrument.so
7fd6d2a82000-7fd6d2aaf000 r-xp 00000000 08:05 22419130                   /usr/lib/jvm/java-8-openjdk-amd64/jre/lib/amd64/libjava.so
7fd6d2aaf000-7fd6d2cae000 ---p 0002d000 08:05 22419130                   /usr/lib/jvm/java-8-openjdk-amd64/jre/lib/amd64/libjava.so
7fd6d2cae000-7fd6d2caf000 r--p 0002c000 08:05 22419130                   /usr/lib/jvm/java-8-openjdk-amd64/jre/lib/amd64/libjava.so
7fd6d2caf000-7fd6d2cb1000 rw-p 0002d000 08:05 22419130                   /usr/lib/jvm/java-8-openjdk-amd64/jre/lib/amd64/libjava.so
7fd6d2cb1000-7fd6d2cc0000 r-xp 00000000 08:05 22415879                   /usr/lib/jvm/java-8-openjdk-amd64/jre/lib/amd64/libverify.so
7fd6d2cc0000-7fd6d2ebf000 ---p 0000f000 08:05 22415879                   /usr/lib/jvm/java-8-openjdk-amd64/jre/lib/amd64/libverify.so
7fd6d2ebf000-7fd6d2ec1000 r--p 0000e000 08:05 22415879                   /usr/lib/jvm/java-8-openjdk-amd64/jre/lib/amd64/libverify.so
7fd6d2ec1000-7fd6d2ec2000 rw-p 00010000 08:05 22415879                   /usr/lib/jvm/java-8-openjdk-amd64/jre/lib/amd64/libverify.so
7fd6d2ec2000-7fd6d2ec9000 r-xp 00000000 08:05 16913152                   /lib/x86_64-linux-gnu/librt-2.23.so
7fd6d2ec9000-7fd6d30c8000 ---p 00007000 08:05 16913152                   /lib/x86_64-linux-gnu/librt-2.23.so
7fd6d30c8000-7fd6d30c9000 r--p 00006000 08:05 16913152                   /lib/x86_64-linux-gnu/librt-2.23.so
7fd6d30c9000-7fd6d30ca000 rw-p 00007000 08:05 16913152                   /lib/x86_64-linux-gnu/librt-2.23.so
7fd6d30ca000-7fd6d30e0000 r-xp 00000000 08:05 16912882                   /lib/x86_64-linux-gnu/libgcc_s.so.1
7fd6d30e0000-7fd6d32df000 ---p 00016000 08:05 16912882                   /lib/x86_64-linux-gnu/libgcc_s.so.1
7fd6d32df000-7fd6d32e0000 rw-p 00015000 08:05 16912882                   /lib/x86_64-linux-gnu/libgcc_s.so.1
7fd6d32e0000-7fd6d33e8000 r-xp 00000000 08:05 16913161                   /lib/x86_64-linux-gnu/libm-2.23.so
7fd6d33e8000-7fd6d35e7000 ---p 00108000 08:05 16913161                   /lib/x86_64-linux-gnu/libm-2.23.so
7fd6d35e7000-7fd6d35e8000 r--p 00107000 08:05 16913161                   /lib/x86_64-linux-gnu/libm-2.23.so
7fd6d35e8000-7fd6d35e9000 rw-p 00108000 08:05 16913161                   /lib/x86_64-linux-gnu/libm-2.23.so
7fd6d35e9000-7fd6d375b000 r-xp 00000000 08:05 22161335                   /usr/lib/x86_64-linux-gnu/libstdc++.so.6.0.21
7fd6d375b000-7fd6d395b000 ---p 00172000 08:05 22161335                   /usr/lib/x86_64-linux-gnu/libstdc++.so.6.0.21
7fd6d395b000-7fd6d3965000 r--p 00172000 08:05 22161335                   /usr/lib/x86_64-linux-gnu/libstdc++.so.6.0.21
7fd6d3965000-7fd6d3967000 rw-p 0017c000 08:05 22161335                   /usr/lib/x86_64-linux-gnu/libstdc++.so.6.0.21
7fd6d3967000-7fd6d396b000 rw-p 00000000 00:00 0 
7fd6d396b000-7fd6d45bf000 r-xp 00000000 08:05 22419114                   /usr/lib/jvm/java-8-openjdk-amd64/jre/lib/amd64/server/libjvm.so
7fd6d45bf000-7fd6d47bf000 ---p 00c54000 08:05 22419114                   /usr/lib/jvm/java-8-openjdk-amd64/jre/lib/amd64/server/libjvm.so
7fd6d47bf000-7fd6d4852000 r--p 00c54000 08:05 22419114                   /usr/lib/jvm/java-8-openjdk-amd64/jre/lib/amd64/server/libjvm.so
7fd6d4852000-7fd6d487b000 rw-p 00ce7000 08:05 22419114                   /usr/lib/jvm/java-8-openjdk-amd64/jre/lib/amd64/server/libjvm.so
7fd6d487b000-7fd6d48ab000 rw-p 00000000 00:00 0 
7fd6d48ab000-7fd6d48c3000 r-xp 00000000 08:05 16913149                   /lib/x86_64-linux-gnu/libpthread-2.23.so
7fd6d48c3000-7fd6d4ac2000 ---p 00018000 08:05 16913149                   /lib/x86_64-linux-gnu/libpthread-2.23.so
7fd6d4ac2000-7fd6d4ac3000 r--p 00017000 08:05 16913149                   /lib/x86_64-linux-gnu/libpthread-2.23.so
7fd6d4ac3000-7fd6d4ac4000 rw-p 00018000 08:05 16913149                   /lib/x86_64-linux-gnu/libpthread-2.23.so
7fd6d4ac4000-7fd6d4ac8000 rw-p 00000000 00:00 0 
7fd6d4ac8000-7fd6d4acb000 r-xp 00000000 08:05 16913155                   /lib/x86_64-linux-gnu/libdl-2.23.so
7fd6d4acb000-7fd6d4cca000 ---p 00003000 08:05 16913155                   /lib/x86_64-linux-gnu/libdl-2.23.so
7fd6d4cca000-7fd6d4ccb000 r--p 00002000 08:05 16913155                   /lib/x86_64-linux-gnu/libdl-2.23.so
7fd6d4ccb000-7fd6d4ccc000 rw-p 00003000 08:05 16913155                   /lib/x86_64-linux-gnu/libdl-2.23.so
7fd6d4ccc000-7fd6d4ce5000 r-xp 00000000 08:05 16913035                   /lib/x86_64-linux-gnu/libz.so.1.2.8
7fd6d4ce5000-7fd6d4ee4000 ---p 00019000 08:05 16913035                   /lib/x86_64-linux-gnu/libz.so.1.2.8
7fd6d4ee4000-7fd6d4ee5000 r--p 00018000 08:05 16913035                   /lib/x86_64-linux-gnu/libz.so.1.2.8
7fd6d4ee5000-7fd6d4ee6000 rw-p 00019000 08:05 16913035                   /lib/x86_64-linux-gnu/libz.so.1.2.8
7fd6d4ee6000-7fd6d50a6000 r-xp 00000000 08:05 16913166                   /lib/x86_64-linux-gnu/libc-2.23.so
7fd6d50a6000-7fd6d52a6000 ---p 001c0000 08:05 16913166                   /lib/x86_64-linux-gnu/libc-2.23.so
7fd6d52a6000-7fd6d52aa000 r--p 001c0000 08:05 16913166                   /lib/x86_64-linux-gnu/libc-2.23.so
7fd6d52aa000-7fd6d52ac000 rw-p 001c4000 08:05 16913166                   /lib/x86_64-linux-gnu/libc-2.23.so
7fd6d52ac000-7fd6d52b0000 rw-p 00000000 00:00 0 
7fd6d52b0000-7fd6d52bd000 r-xp 00000000 08:05 22415877                   /usr/lib/jvm/java-8-openjdk-amd64/jre/lib/amd64/jli/libjli.so
7fd6d52bd000-7fd6d54bd000 ---p 0000d000 08:05 22415877                   /usr/lib/jvm/java-8-openjdk-amd64/jre/lib/amd64/jli/libjli.so
7fd6d54bd000-7fd6d54be000 r--p 0000d000 08:05 22415877                   /usr/lib/jvm/java-8-openjdk-amd64/jre/lib/amd64/jli/libjli.so
7fd6d54be000-7fd6d54bf000 rw-p 0000e000 08:05 22415877                   /usr/lib/jvm/java-8-openjdk-amd64/jre/lib/amd64/jli/libjli.so
7fd6d54bf000-7fd6d54e5000 r-xp 00000000 08:05 16912966                   /lib/x86_64-linux-gnu/ld-2.23.so
7fd6d54e5000-7fd6d54e6000 r--s 00000000 08:05 8784701                    /home/elton/.m2/repository/org/springframework/boot/spring-boot-starter-logging/1.5.7.RELEASE/spring-boot-starter-logging-1.5.7.RELEASE.jar
7fd6d54e6000-7fd6d54e7000 r--s 00000000 08:05 8784699                    /home/elton/.m2/repository/org/springframework/boot/spring-boot-starter/1.5.7.RELEASE/spring-boot-starter-1.5.7.RELEASE.jar
7fd6d54e7000-7fd6d54e8000 r--s 00000000 08:05 8784697                    /home/elton/.m2/repository/org/springframework/boot/spring-boot-starter-data-jpa/1.5.7.RELEASE/spring-boot-starter-data-jpa-1.5.7.RELEASE.jar
7fd6d54e8000-7fd6d54eb000 r--s 00015000 08:05 22289481                   /usr/lib/jvm/java-8-openjdk-amd64/jre/lib/jce.jar
7fd6d54eb000-7fd6d55ba000 rw-p 00000000 00:00 0 
7fd6d55ba000-7fd6d55bd000 ---p 00000000 00:00 0 
7fd6d55bd000-7fd6d56c0000 rw-p 00000000 00:00 0 
7fd6d56c0000-7fd6d56c1000 r--s 00000000 08:05 22289480                   /usr/lib/jvm/java-8-openjdk-amd64/jre/lib/management-agent.jar
7fd6d56c1000-7fd6d56c6000 r--s 002f9000 08:05 22289475                   /usr/lib/jvm/java-8-openjdk-amd64/jre/lib/charsets.jar
7fd6d56c6000-7fd6d56c8000 r--s 00001000 08:05 22414980                   /usr/lib/jvm/java-8-openjdk-amd64/jre/lib/ext/dnsns.jar
7fd6d56c8000-7fd6d56cb000 r--s 0000f000 08:05 22414983                   /usr/lib/jvm/java-8-openjdk-amd64/jre/lib/ext/icedtea-sound.jar
7fd6d56cb000-7fd6d56cf000 r--s 00037000 08:05 22414979                   /usr/lib/jvm/java-8-openjdk-amd64/jre/lib/ext/sunpkcs11.jar
7fd6d56cf000-7fd6d56d0000 r--s 0000a000 08:05 22414981                   /usr/lib/jvm/java-8-openjdk-amd64/jre/lib/ext/jaccess.jar
7fd6d56d0000-7fd6d56d2000 r--s 00008000 08:05 22414984                   /usr/lib/jvm/java-8-openjdk-amd64/jre/lib/ext/sunec.jar
7fd6d56d2000-7fd6d56d7000 r--s 0003b000 08:05 22414982                   /usr/lib/jvm/java-8-openjdk-amd64/jre/lib/ext/sunjce_provider.jar
7fd6d56d7000-7fd6d56d8000 r--s 00010000 08:05 22414985                   /usr/lib/jvm/java-8-openjdk-amd64/jre/lib/ext/zipfs.jar
7fd6d56d8000-7fd6d56e0000 rw-s 00000000 08:05 8520227                    /tmp/hsperfdata_elton/15771
7fd6d56e0000-7fd6d56e1000 rw-p 00000000 00:00 0 
7fd6d56e1000-7fd6d56e2000 ---p 00000000 00:00 0 
7fd6d56e2000-7fd6d56e4000 rw-p 00000000 00:00 0 
7fd6d56e4000-7fd6d56e5000 r--p 00025000 08:05 16912966                   /lib/x86_64-linux-gnu/ld-2.23.so
7fd6d56e5000-7fd6d56e6000 rw-p 00026000 08:05 16912966                   /lib/x86_64-linux-gnu/ld-2.23.so
7fd6d56e6000-7fd6d56e7000 rw-p 00000000 00:00 0 
7ffd4bd64000-7ffd4bd87000 rw-p 00000000 00:00 0                          [stack]
7ffd4bddc000-7ffd4bdde000 r--p 00000000 00:00 0                          [vvar]
7ffd4bdde000-7ffd4bde0000 r-xp 00000000 00:00 0                          [vdso]
ffffffffff600000-ffffffffff601000 r-xp 00000000 00:00 0                  [vsyscall]

VM Arguments:
jvm_args: -javaagent:/opt/intellij-idea-community/lib/idea_rt.jar=37489:/opt/intellij-idea-community/bin -Dfile.encoding=UTF-8 
java_command: br.com.sigecon.SigeconApplication
java_class_path (initial): /usr/lib/jvm/java-8-openjdk-amd64/jre/lib/charsets.jar:/usr/lib/jvm/java-8-openjdk-amd64/jre/lib/ext/cldrdata.jar:/usr/lib/jvm/java-8-openjdk-amd64/jre/lib/ext/dnsns.jar:/usr/lib/jvm/java-8-openjdk-amd64/jre/lib/ext/icedtea-sound.jar:/usr/lib/jvm/java-8-openjdk-amd64/jre/lib/ext/jaccess.jar:/usr/lib/jvm/java-8-openjdk-amd64/jre/lib/ext/localedata.jar:/usr/lib/jvm/java-8-openjdk-amd64/jre/lib/ext/nashorn.jar:/usr/lib/jvm/java-8-openjdk-amd64/jre/lib/ext/sunec.jar:/usr/lib/jvm/java-8-openjdk-amd64/jre/lib/ext/sunjce_provider.jar:/usr/lib/jvm/java-8-openjdk-amd64/jre/lib/ext/sunpkcs11.jar:/usr/lib/jvm/java-8-openjdk-amd64/jre/lib/ext/zipfs.jar:/usr/lib/jvm/java-8-openjdk-amd64/jre/lib/jce.jar:/usr/lib/jvm/java-8-openjdk-amd64/jre/lib/jsse.jar:/usr/lib/jvm/java-8-openjdk-amd64/jre/lib/management-agent.jar:/usr/lib/jvm/java-8-openjdk-amd64/jre/lib/resources.jar:/usr/lib/jvm/java-8-openjdk-amd64/jre/lib/rt.jar:/home/elton/eclipse-workspace/PIM/sigecon/target/classes:/home/elton/.m2/repository/org/springframework/boot/spring-boot-starter-data-jpa/1.5.7.RELEASE/spring-boot-starter-data-jpa-1.5.7.RELEASE.jar:/home/elton/.m2/repository/org/springframework/boot/spring-boot-starter/1.5.7.RELEASE/spring-boot-starter-1.5.7.RELEASE.jar:/home/elton/.m2/repository/org/springframework/boot/spring-boot-starter-logging/1.5.7.RELEASE/spring-boot-starter-logging-1.5.7.RELEASE.jar:/home/elton/.m2/repository/ch/qos/logback/logback-classic/1.1.11/logback-classic-1.1.11.jar:/home/elton/.m2/repository/ch/qos/logback/logback-core/1.1.11/logback-core-1.1.11.jar:/home/elton/.m2/repository/org/slf4j/jul-to-slf4j/1.7.25/jul-to-slf4j-1.7.25.jar:/home/elton/.m2/repository/org/slf4j/log4j-over-slf4j/1.7.25/log4j-over-slf4j-1.7.25.jar:/home/elton/.m2/repository/org/yaml/snakeyaml/1.17/snakeyaml-1.17.jar:/home/elton/.m2/repository/org/springframework/boot/spring-boot-starter-aop/1.5.7.RELEASE/spring-boot-starter-aop-1.5.7.RELEASE.jar:/home/elton/.m2/repository/org/springfra
Launcher Type: SUN_STANDARD

Environment Variables:
JAVA_HOME=/usr/lib/jvm/java-8-oracle
PATH=/home/elton/bin:/home/elton/.local/bin:/usr/local/sbin:/usr/local/bin:/usr/sbin:/usr/bin:/sbin:/bin:/usr/games:/usr/local/games:/usr/lib/jvm/java-8-oracle/bin:/usr/lib/jvm/java-8-oracle/db/bin:/usr/lib/jvm/java-8-oracle/jre/bin
LD_LIBRARY_PATH=/opt/intellij-idea-community/bin:
SHELL=/bin/bash
DISPLAY=:0

Signal Handlers:
SIGSEGV: [libjvm.so+0xa6ad10], sa_mask[0]=11111111011111111101111111111110, sa_flags=SA_RESTART|SA_SIGINFO
SIGBUS: [libjvm.so+0xa6ad10], sa_mask[0]=11111111011111111101111111111110, sa_flags=SA_RESTART|SA_SIGINFO
SIGFPE: [libjvm.so+0x8b3bc0], sa_mask[0]=11111111011111111101111111111110, sa_flags=SA_RESTART|SA_SIGINFO
SIGPIPE: [libjvm.so+0x8b3bc0], sa_mask[0]=11111111011111111101111111111110, sa_flags=SA_RESTART|SA_SIGINFO
SIGXFSZ: [libjvm.so+0x8b3bc0], sa_mask[0]=11111111011111111101111111111110, sa_flags=SA_RESTART|SA_SIGINFO
SIGILL: [libjvm.so+0x8b3bc0], sa_mask[0]=11111111011111111101111111111110, sa_flags=SA_RESTART|SA_SIGINFO
SIGUSR1: SIG_DFL, sa_mask[0]=00000000000000000000000000000000, sa_flags=none
SIGUSR2: [libjvm.so+0x8b3a70], sa_mask[0]=00100000000000000000000000000000, sa_flags=SA_RESTART|SA_SIGINFO
SIGHUP: [libjvm.so+0x8b3f40], sa_mask[0]=11111111011111111101111111111110, sa_flags=SA_RESTART|SA_SIGINFO
SIGINT: [libjvm.so+0x8b3f40], sa_mask[0]=11111111011111111101111111111110, sa_flags=SA_RESTART|SA_SIGINFO
SIGTERM: [libjvm.so+0x8b3f40], sa_mask[0]=11111111011111111101111111111110, sa_flags=SA_RESTART|SA_SIGINFO
SIGQUIT: [libjvm.so+0x8b3f40], sa_mask[0]=11111111011111111101111111111110, sa_flags=SA_RESTART|SA_SIGINFO


---------------  S Y S T E M  ---------------

OS:DISTRIB_ID=LinuxMint
DISTRIB_RELEASE=18.2
DISTRIB_CODENAME=sonya
DISTRIB_DESCRIPTION="Linux Mint 18.2 Sonya"

uname:Linux 4.10.0-33-generic #37~16.04.1-Ubuntu SMP Fri Aug 11 14:07:24 UTC 2017 x86_64
libc:glibc 2.23 NPTL 2.23 
rlimit: STACK 8192k, CORE 0k, NPROC 30773, NOFILE 1048576, AS infinity
load average:17,95 8,99 4,66

/proc/meminfo:
MemTotal:        7924532 kB
MemFree:          107572 kB
MemAvailable:      12188 kB
Buffers:            1248 kB
Cached:           327608 kB
SwapCached:            0 kB
Active:          7227552 kB
Inactive:         298668 kB
Active(anon):    7199012 kB
Inactive(anon):   276348 kB
Active(file):      28540 kB
Inactive(file):    22320 kB
Unevictable:          32 kB
Mlocked:              32 kB
SwapTotal:             0 kB
SwapFree:              0 kB
Dirty:               140 kB
Writeback:           104 kB
AnonPages:       7193216 kB
Mapped:           351280 kB
Shmem:            277960 kB
Slab:              90860 kB
SReclaimable:      40920 kB
SUnreclaim:        49940 kB
KernelStack:       14432 kB
PageTables:        66820 kB
NFS_Unstable:          0 kB
Bounce:                0 kB
WritebackTmp:          0 kB
CommitLimit:     3962264 kB
Committed_AS:   12422972 kB
VmallocTotal:   34359738367 kB
VmallocUsed:           0 kB
VmallocChunk:          0 kB
HardwareCorrupted:     0 kB
AnonHugePages:   3389440 kB
ShmemHugePages:        0 kB
ShmemPmdMapped:        0 kB
CmaTotal:              0 kB
CmaFree:               0 kB
HugePages_Total:       0
HugePages_Free:        0
HugePages_Rsvd:        0
HugePages_Surp:        0
Hugepagesize:       2048 kB
DirectMap4k:      308300 kB
DirectMap2M:     7829504 kB
DirectMap1G:     1048576 kB


CPU:total 4 (initial active 4) (2 cores per cpu, 2 threads per core) family 6 model 78 stepping 3, cmov, cx8, fxsr, mmx, sse, sse2, sse3, ssse3, sse4.1, sse4.2, popcnt, avx, avx2, aes, clmul, erms, 3dnowpref, lzcnt, ht, tsc, tscinvbit, bmi1, bmi2, adx

/proc/cpuinfo:
processor	: 0
vendor_id	: GenuineIntel
cpu family	: 6
model		: 78
model name	: Intel(R) Core(TM) i7-6500U CPU @ 2.50GHz
stepping	: 3
microcode	: 0xba
cpu MHz		: 2499.865
cache size	: 4096 KB
physical id	: 0
siblings	: 4
core id		: 0
cpu cores	: 2
apicid		: 0
initial apicid	: 0
fpu		: yes
fpu_exception	: yes
cpuid level	: 22
wp		: yes
flags		: fpu vme de pse tsc msr pae mce cx8 apic sep mtrr pge mca cmov pat pse36 clflush dts acpi mmx fxsr sse sse2 ss ht tm pbe syscall nx pdpe1gb rdtscp lm constant_tsc art arch_perfmon pebs bts rep_good nopl xtopology nonstop_tsc aperfmperf tsc_known_freq pni pclmulqdq dtes64 monitor ds_cpl vmx est tm2 ssse3 sdbg fma cx16 xtpr pdcm pcid sse4_1 sse4_2 x2apic movbe popcnt tsc_deadline_timer aes xsave avx f16c rdrand lahf_lm abm 3dnowprefetch epb intel_pt tpr_shadow vnmi flexpriority ept vpid fsgsbase tsc_adjust bmi1 avx2 smep bmi2 erms invpcid mpx rdseed adx smap clflushopt xsaveopt xsavec xgetbv1 xsaves dtherm ida arat pln pts hwp hwp_notify hwp_act_window hwp_epp
bugs		:
bogomips	: 5184.00
clflush size	: 64
cache_alignment	: 64
address sizes	: 39 bits physical, 48 bits virtual
power management:

processor	: 1
vendor_id	: GenuineIntel
cpu family	: 6
model		: 78
model name	: Intel(R) Core(TM) i7-6500U CPU @ 2.50GHz
stepping	: 3
microcode	: 0xba
cpu MHz		: 2499.865
cache size	: 4096 KB
physical id	: 0
siblings	: 4
core id		: 1
cpu cores	: 2
apicid		: 2
initial apicid	: 2
fpu		: yes
fpu_exception	: yes
cpuid level	: 22
wp		: yes
flags		: fpu vme de pse tsc msr pae mce cx8 apic sep mtrr pge mca cmov pat pse36 clflush dts acpi mmx fxsr sse sse2 ss ht tm pbe syscall nx pdpe1gb rdtscp lm constant_tsc art arch_perfmon pebs bts rep_good nopl xtopology nonstop_tsc aperfmperf tsc_known_freq pni pclmulqdq dtes64 monitor ds_cpl vmx est tm2 ssse3 sdbg fma cx16 xtpr pdcm pcid sse4_1 sse4_2 x2apic movbe popcnt tsc_deadline_timer aes xsave avx f16c rdrand lahf_lm abm 3dnowprefetch epb intel_pt tpr_shadow vnmi flexpriority ept vpid fsgsbase tsc_adjust bmi1 avx2 smep bmi2 erms invpcid mpx rdseed adx smap clflushopt xsaveopt xsavec xgetbv1 xsaves dtherm ida arat pln pts hwp hwp_notify hwp_act_window hwp_epp
bugs		:
bogomips	: 5184.00
clflush size	: 64
cache_alignment	: 64
address sizes	: 39 bits physical, 48 bits virtual
power management:

processor	: 2
vendor_id	: GenuineIntel
cpu family	: 6
model		: 78
model name	: Intel(R) Core(TM) i7-6500U CPU @ 2.50GHz
stepping	: 3
microcode	: 0xba
cpu MHz		: 2499.865
cache size	: 4096 KB
physical id	: 0
siblings	: 4
core id		: 0
cpu cores	: 2
apicid		: 1
initial apicid	: 1
fpu		: yes
fpu_exception	: yes
cpuid level	: 22
wp		: yes
flags		: fpu vme de pse tsc msr pae mce cx8 apic sep mtrr pge mca cmov pat pse36 clflush dts acpi mmx fxsr sse sse2 ss ht tm pbe syscall nx pdpe1gb rdtscp lm constant_tsc art arch_perfmon pebs bts rep_good nopl xtopology nonstop_tsc aperfmperf tsc_known_freq pni pclmulqdq dtes64 monitor ds_cpl vmx est tm2 ssse3 sdbg fma cx16 xtpr pdcm pcid sse4_1 sse4_2 x2apic movbe popcnt tsc_deadline_timer aes xsave avx f16c rdrand lahf_lm abm 3dnowprefetch epb intel_pt tpr_shadow vnmi flexpriority ept vpid fsgsbase tsc_adjust bmi1 avx2 smep bmi2 erms invpcid mpx rdseed adx smap clflushopt xsaveopt xsavec xgetbv1 xsaves dtherm ida arat pln pts hwp hwp_notify hwp_act_window hwp_epp
bugs		:
bogomips	: 5184.00
clflush size	: 64
cache_alignment	: 64
address sizes	: 39 bits physical, 48 bits virtual
power management:

processor	: 3
vendor_id	: GenuineIntel
cpu family	: 6
model		: 78
model name	: Intel(R) Core(TM) i7-6500U CPU @ 2.50GHz
stepping	: 3
microcode	: 0xba
cpu MHz		: 2499.865
cache size	: 4096 KB
physical id	: 0
siblings	: 4
core id		: 1
cpu cores	: 2
apicid		: 3
initial apicid	: 3
fpu		: yes
fpu_exception	: yes
cpuid level	: 22
wp		: yes
flags		: fpu vme de pse tsc msr pae mce cx8 apic sep mtrr pge mca cmov pat pse36 clflush dts acpi mmx fxsr sse sse2 ss ht tm pbe syscall nx pdpe1gb rdtscp lm constant_tsc art arch_perfmon pebs bts rep_good nopl xtopology nonstop_tsc aperfmperf tsc_known_freq pni pclmulqdq dtes64 monitor ds_cpl vmx est tm2 ssse3 sdbg fma cx16 xtpr pdcm pcid sse4_1 sse4_2 x2apic movbe popcnt tsc_deadline_timer aes xsave avx f16c rdrand lahf_lm abm 3dnowprefetch epb intel_pt tpr_shadow vnmi flexpriority ept vpid fsgsbase tsc_adjust bmi1 avx2 smep bmi2 erms invpcid mpx rdseed adx smap clflushopt xsaveopt xsavec xgetbv1 xsaves dtherm ida arat pln pts hwp hwp_notify hwp_act_window hwp_epp
bugs		:
bogomips	: 5184.00
clflush size	: 64
cache_alignment	: 64
address sizes	: 39 bits physical, 48 bits virtual
power management:



Memory: 4k page, physical 7924532k(107572k free), swap 0k(0k free)

vm_info: OpenJDK 64-Bit Server VM (25.131-b11) for linux-amd64 JRE (1.8.0_131-8u131-b11-2ubuntu1.16.04.3-b11), built on Jul 28 2017 01:23:32 by "buildd" with gcc 5.4.0 20160609

time: Mon Sep 18 11:51:30 2017
elapsed time: 113 seconds (0d 0h 1m 53s)

