#
# There is insufficient memory for the Java Runtime Environment to continue.
# Native memory allocation (mmap) failed to map 158334976 bytes for committing reserved memory.
# Possible reasons:
#   The system is out of physical RAM or swap space
#   In 32 bit mode, the process size limit was hit
# Possible solutions:
#   Reduce memory load on the system
#   Increase physical memory or swap space
#   Check if swap backing store is full
#   Use 64 bit Java on a 64 bit OS
#   Decrease Java heap size (-Xmx/-Xms)
#   Decrease number of Java threads
#   Decrease Java thread stack sizes (-Xss)
#   Set larger code cache with -XX:ReservedCodeCacheSize=
# This output file may be truncated or incomplete.
#
#  Out of Memory Error (os_linux.cpp:2643), pid=19698, tid=0x00007f708edf5700
#
# JRE version: OpenJDK Runtime Environment (8.0_131-b11) (build 1.8.0_131-8u131-b11-2ubuntu1.16.04.3-b11)
# Java VM: OpenJDK 64-Bit Server VM (25.131-b11 mixed mode linux-amd64 compressed oops)
# Failed to write core dump. Core dumps have been disabled. To enable core dumping, try "ulimit -c unlimited" before starting Java again
#

---------------  T H R E A D  ---------------

Current thread (0x00007f70ac07b800):  VMThread [stack: 0x00007f708ecf5000,0x00007f708edf6000] [id=19714]

Stack: [0x00007f708ecf5000,0x00007f708edf6000],  sp=0x00007f708edf44c0,  free space=1021k
Native frames: (J=compiled Java code, j=interpreted, Vv=VM code, C=native code)
V  [libjvm.so+0xa6a1bb]
V  [libjvm.so+0x4c5a6c]
V  [libjvm.so+0x8b85a0]
V  [libjvm.so+0x8b2a1e]
V  [libjvm.so+0x92d556]
V  [libjvm.so+0x92e883]
V  [libjvm.so+0x92af33]
V  [libjvm.so+0x92b1fc]
V  [libjvm.so+0x8dd093]
V  [libjvm.so+0xa6be72]
V  [libjvm.so+0xa70f57]
V  [libjvm.so+0xa6e727]
V  [libjvm.so+0xa6fbe4]
V  [libjvm.so+0xa700a1]
V  [libjvm.so+0x8b5a82]

VM_Operation (0x00007f70749fa770): ParallelGCFailedAllocation, mode: safepoint, requested by thread 0x00007f704c036000


---------------  P R O C E S S  ---------------

Java Threads: ( => current thread )
  0x00007f7034083000 JavaThread "JMX server connection timeout 82" daemon [_thread_blocked, id=21185, stack(0x00007f701ddec000,0x00007f701deed000)]
  0x00007f709800d800 JavaThread "JMX server connection timeout 81" daemon [_thread_blocked, id=21183, stack(0x00007f701deed000,0x00007f701dfee000)]
  0x00007f7058004800 JavaThread "RMI TCP Connection(24)-127.0.0.1" daemon [_thread_blocked, id=21182, stack(0x00007f701e7f2000,0x00007f701e8f3000)]
  0x00007f705c001000 JavaThread "RMI TCP Connection(23)-127.0.0.1" daemon [_thread_blocked, id=21181, stack(0x00007f70745fb000,0x00007f70746fc000)]
  0x00007f7058002800 JavaThread "RMI TCP Connection(21)-127.0.0.1" daemon [_thread_blocked, id=21180, stack(0x00007f701ecf7000,0x00007f701edf8000)]
  0x00007f704c086800 JavaThread "http-nio-8080-AsyncTimeout" daemon [_thread_blocked, id=21178, stack(0x00007f701e0ef000,0x00007f701e1f0000)]
  0x00007f704c085000 JavaThread "http-nio-8080-Acceptor-0" daemon [_thread_in_native, id=21177, stack(0x00007f701e9f4000,0x00007f701eaf5000)]
  0x00007f704c084000 JavaThread "http-nio-8080-ClientPoller-1" daemon [_thread_blocked, id=21176, stack(0x00007f701dfee000,0x00007f701e0ef000)]
  0x00007f704c06a000 JavaThread "http-nio-8080-ClientPoller-0" daemon [_thread_blocked, id=21175, stack(0x00007f701dceb000,0x00007f701ddec000)]
  0x00007f704c04f800 JavaThread "NioBlockingSelector.BlockPoller-2" daemon [_thread_blocked, id=21174, stack(0x00007f70749fd000,0x00007f7074afe000)]
  0x00007f704c036000 JavaThread "File Watcher" daemon [_thread_blocked, id=21173, stack(0x00007f70748fc000,0x00007f70749fd000)]
  0x00007f704c02f800 JavaThread "Tomcat JDBC Pool Cleaner[1984697014:1510519891960]" daemon [_thread_blocked, id=21124, stack(0x00007f701effa000,0x00007f701f0fb000)]
  0x00007f704c02b000 JavaThread "container-0" [_thread_blocked, id=21123, stack(0x00007f701eef9000,0x00007f701effa000)]
  0x00007f704c02a000 JavaThread "ContainerBackgroundProcessor[StandardEngine[Tomcat]]" daemon [_thread_blocked, id=21122, stack(0x00007f701f2fd000,0x00007f701f3fe000)]
  0x00007f7010003800 JavaThread "Live Reload #3" daemon [_thread_blocked, id=19836, stack(0x00007f7074cfe000,0x00007f7074dff000)]
  0x00007f7058006800 JavaThread "RMI TCP Connection(22)-127.0.0.1" daemon [_thread_blocked, id=19795, stack(0x00007f701e8f3000,0x00007f701e9f4000)]
  0x00007f70ac00e000 JavaThread "DestroyJavaVM" [_thread_blocked, id=19708, stack(0x00007f70b3ca4000,0x00007f70b3da5000)]
  0x00007f703ceae000 JavaThread "Live Reload Server" daemon [_thread_in_native, id=19782, stack(0x00007f701f3fe000,0x00007f701f4ff000)]
  0x00007f703c97d000 JavaThread "Abandoned connection cleanup thread" daemon [_thread_blocked, id=19772, stack(0x00007f70744fa000,0x00007f70745fb000)]
  0x00007f704c009000 JavaThread "JMX server connection timeout 16" daemon [_thread_blocked, id=19740, stack(0x00007f708d1f3000,0x00007f708d2f4000)]
  0x00007f7048009000 JavaThread "RMI Scheduler(0)" daemon [_thread_blocked, id=19739, stack(0x00007f708d2f4000,0x00007f708d3f5000)]
  0x00007f70ac5af800 JavaThread "RMI TCP Accept-0" daemon [_thread_in_native, id=19729, stack(0x00007f708d6f8000,0x00007f708d7f9000)]
  0x00007f70ac582000 JavaThread "RMI TCP Accept-40811" daemon [_thread_in_native, id=19728, stack(0x00007f708d7f9000,0x00007f708d8fa000)]
  0x00007f70ac56b800 JavaThread "RMI TCP Accept-0" daemon [_thread_in_native, id=19727, stack(0x00007f708d8fa000,0x00007f708d9fb000)]
  0x00007f70ac0c6800 JavaThread "Service Thread" daemon [_thread_blocked, id=19721, stack(0x00007f708e314000,0x00007f708e415000)]
  0x00007f70ac0b7000 JavaThread "C1 CompilerThread2" daemon [_thread_blocked, id=19720, stack(0x00007f708e415000,0x00007f708e516000)]
  0x00007f70ac0b5800 JavaThread "C2 CompilerThread1" daemon [_thread_blocked, id=19719, stack(0x00007f708e516000,0x00007f708e617000)]
  0x00007f70ac0b2800 JavaThread "C2 CompilerThread0" daemon [_thread_blocked, id=19718, stack(0x00007f708e617000,0x00007f708e718000)]
  0x00007f70ac0b0800 JavaThread "Signal Dispatcher" daemon [_thread_blocked, id=19717, stack(0x00007f708e718000,0x00007f708e819000)]
  0x00007f70ac087800 JavaThread "Finalizer" daemon [_thread_blocked, id=19716, stack(0x00007f708eaf3000,0x00007f708ebf4000)]
  0x00007f70ac083000 JavaThread "Reference Handler" daemon [_thread_blocked, id=19715, stack(0x00007f708ebf4000,0x00007f708ecf5000)]

Other Threads:
=>0x00007f70ac07b800 VMThread [stack: 0x00007f708ecf5000,0x00007f708edf6000] [id=19714]
  0x00007f70ac5b2000 WatcherThread [stack: 0x00007f708d5f7000,0x00007f708d6f8000] [id=19730]

VM state:at safepoint (normal execution)

VM Mutex/Monitor currently owned by a thread:  ([mutex/lock_event])
[0x00007f70ac00a460] Threads_lock - owner thread: 0x00007f70ac07b800
[0x00007f70ac00a960] Heap_lock - owner thread: 0x00007f704c036000

Heap:
 PSYoungGen      total 365568K, used 12813K [0x00000000d7b00000, 0x00000000ef180000, 0x0000000100000000)
  eden space 347648K, 0% used [0x00000000d7b00000,0x00000000d7b00000,0x00000000ece80000)
  from space 17920K, 71% used [0x00000000ece80000,0x00000000edb035e0,0x00000000ee000000)
  to   space 16896K, 0% used [0x00000000ee100000,0x00000000ee100000,0x00000000ef180000)
 ParOldGen       total 94208K, used 31262K [0x0000000087000000, 0x000000008cc00000, 0x00000000d7b00000)
  object space 94208K, 33% used [0x0000000087000000,0x0000000088e87988,0x000000008cc00000)
 Metaspace       used 52626K, capacity 53748K, committed 53888K, reserved 1095680K
  class space    used 6797K, capacity 7022K, committed 7040K, reserved 1048576K

Card table byte_map: [0x00007f709cc37000,0x00007f709d000000] byte_map_base: 0x00007f709c7ff000

Marking Bits: (ParMarkBitMap*) 0x00007f70b2f772c0
 Begin Bits: [0x00007f7094380000, 0x00007f70961c0000)
 End Bits:   [0x00007f70961c0000, 0x00007f7098000000)

Polling page: 0x00007f70b3dca000

CodeCache: size=245760Kb used=13086Kb max_used=13086Kb free=232673Kb
 bounds [0x00007f709d000000, 0x00007f709dcd0000, 0x00007f70ac000000]
 total_blobs=6889 nmethods=6094 adapters=709
 compilation: enabled

Compilation events (10 events):
Event: 803,193 Thread 0x00007f70ac0b7000 6205       1       java.rmi.server.ObjID::equals (46 bytes)
Event: 803,194 Thread 0x00007f70ac0b7000 nmethod 6205 0x00007f709dcc8110 code [0x00007f709dcc8280, 0x00007f709dcc8488]
Event: 803,369 Thread 0x00007f70ac0b7000 6206       1       java.io.ObjectInputStream$BlockDataInputStream::readFully (42 bytes)
Event: 803,370 Thread 0x00007f70ac0b7000 nmethod 6206 0x00007f709dcc8590 code [0x00007f709dcc8700, 0x00007f709dcc8938]
Event: 803,373 Thread 0x00007f70ac0b7000 6207       1       java.lang.invoke.LambdaForm$MH/2015371496::linkToTargetMethod (9 bytes)
Event: 803,414 Thread 0x00007f70ac0b7000 nmethod 6207 0x00007f709dcc8a50 code [0x00007f709dcc8bc0, 0x00007f709dcc8d18]
Event: 803,415 Thread 0x00007f70ac0b7000 6208       1       java.lang.invoke.LambdaForm$DMH/1645995473::invokeStatic_L_L (14 bytes)
Event: 803,468 Thread 0x00007f70ac0b7000 nmethod 6208 0x00007f709dcc8dd0 code [0x00007f709dcc8f40, 0x00007f709dcc9098]
Event: 803,469 Thread 0x00007f70ac0b7000 6209       1       java.io.ObjectStreamField::<init> (268 bytes)
Event: 803,471 Thread 0x00007f70ac0b7000 nmethod 6209 0x00007f709dcc9190 code [0x00007f709dcc9340, 0x00007f709dcc9878]

GC Heap History (10 events):
Event: 19,690 GC heap after
Heap after GC invocations=11 (full 2):
 PSYoungGen      total 224256K, used 0K [0x00000000d7b00000, 0x00000000eb800000, 0x0000000100000000)
  eden space 212480K, 0% used [0x00000000d7b00000,0x00000000d7b00000,0x00000000e4a80000)
  from space 11776K, 0% used [0x00000000e4a80000,0x00000000e4a80000,0x00000000e5600000)
  to   space 14848K, 0% used [0x00000000ea980000,0x00000000ea980000,0x00000000eb800000)
 ParOldGen       total 94208K, used 26513K [0x0000000087000000, 0x000000008cc00000, 0x00000000d7b00000)
  object space 94208K, 28% used [0x0000000087000000,0x00000000889e47a0,0x000000008cc00000)
 Metaspace       used 34693K, capacity 35258K, committed 35456K, reserved 1079296K
  class space    used 4434K, capacity 4615K, committed 4736K, reserved 1048576K
}
Event: 21,612 GC heap before
{Heap before GC invocations=12 (full 2):
 PSYoungGen      total 224256K, used 212480K [0x00000000d7b00000, 0x00000000eb800000, 0x0000000100000000)
  eden space 212480K, 100% used [0x00000000d7b00000,0x00000000e4a80000,0x00000000e4a80000)
  from space 11776K, 0% used [0x00000000e4a80000,0x00000000e4a80000,0x00000000e5600000)
  to   space 14848K, 0% used [0x00000000ea980000,0x00000000ea980000,0x00000000eb800000)
 ParOldGen       total 94208K, used 26513K [0x0000000087000000, 0x000000008cc00000, 0x00000000d7b00000)
  object space 94208K, 28% used [0x0000000087000000,0x00000000889e47a0,0x000000008cc00000)
 Metaspace       used 44477K, capacity 45196K, committed 45440K, reserved 1089536K
  class space    used 5754K, capacity 5930K, committed 6016K, reserved 1048576K
Event: 21,635 GC heap after
Heap after GC invocations=12 (full 2):
 PSYoungGen      total 288256K, used 14828K [0x00000000d7b00000, 0x00000000eb800000, 0x0000000100000000)
  eden space 273408K, 0% used [0x00000000d7b00000,0x00000000d7b00000,0x00000000e8600000)
  from space 14848K, 99% used [0x00000000ea980000,0x00000000eb7fb248,0x00000000eb800000)
  to   space 17408K, 0% used [0x00000000e9600000,0x00000000e9600000,0x00000000ea700000)
 ParOldGen       total 94208K, used 28735K [0x0000000087000000, 0x000000008cc00000, 0x00000000d7b00000)
  object space 94208K, 30% used [0x0000000087000000,0x0000000088c0fc78,0x000000008cc00000)
 Metaspace       used 44477K, capacity 45196K, committed 45440K, reserved 1089536K
  class space    used 5754K, capacity 5930K, committed 6016K, reserved 1048576K
}
Event: 139,828 GC heap before
{Heap before GC invocations=13 (full 2):
 PSYoungGen      total 288256K, used 288236K [0x00000000d7b00000, 0x00000000eb800000, 0x0000000100000000)
  eden space 273408K, 100% used [0x00000000d7b00000,0x00000000e8600000,0x00000000e8600000)
  from space 14848K, 99% used [0x00000000ea980000,0x00000000eb7fb248,0x00000000eb800000)
  to   space 17408K, 0% used [0x00000000e9600000,0x00000000e9600000,0x00000000ea700000)
 ParOldGen       total 94208K, used 28735K [0x0000000087000000, 0x000000008cc00000, 0x00000000d7b00000)
  object space 94208K, 30% used [0x0000000087000000,0x0000000088c0fc78,0x000000008cc00000)
 Metaspace       used 52066K, capacity 52984K, committed 53120K, reserved 1095680K
  class space    used 6730K, capacity 6927K, committed 7040K, reserved 1048576K
Event: 140,554 GC heap after
Heap after GC invocations=13 (full 2):
 PSYoungGen      total 307200K, used 15223K [0x00000000d7b00000, 0x00000000ef380000, 0x0000000100000000)
  eden space 289792K, 0% used [0x00000000d7b00000,0x00000000d7b00000,0x00000000e9600000)
  from space 17408K, 87% used [0x00000000e9600000,0x00000000ea4ddc38,0x00000000ea700000)
  to   space 18944K, 0% used [0x00000000ee100000,0x00000000ee100000,0x00000000ef380000)
 ParOldGen       total 94208K, used 36569K [0x0000000087000000, 0x000000008cc00000, 0x00000000d7b00000)
  object space 94208K, 38% used [0x0000000087000000,0x00000000893b65d8,0x000000008cc00000)
 Metaspace       used 52066K, capacity 52984K, committed 53120K, reserved 1095680K
  class space    used 6730K, capacity 6927K, committed 7040K, reserved 1048576K
}
Event: 755,778 GC heap before
{Heap before GC invocations=14 (full 2):
 PSYoungGen      total 307200K, used 217470K [0x00000000d7b00000, 0x00000000ef380000, 0x0000000100000000)
  eden space 289792K, 69% used [0x00000000d7b00000,0x00000000e4081df0,0x00000000e9600000)
  from space 17408K, 87% used [0x00000000e9600000,0x00000000ea4ddc38,0x00000000ea700000)
  to   space 18944K, 0% used [0x00000000ee100000,0x00000000ee100000,0x00000000ef380000)
 ParOldGen       total 94208K, used 36569K [0x0000000087000000, 0x000000008cc00000, 0x00000000d7b00000)
  object space 94208K, 38% used [0x0000000087000000,0x00000000893b65d8,0x000000008cc00000)
 Metaspace       used 52121K, capacity 52996K, committed 53120K, reserved 1095680K
  class space    used 6739K, capacity 6930K, committed 7040K, reserved 1048576K
Event: 756,216 GC heap after
Heap after GC invocations=14 (full 2):
 PSYoungGen      total 364544K, used 8478K [0x00000000d7b00000, 0x00000000ef180000, 0x0000000100000000)
  eden space 347648K, 0% used [0x00000000d7b00000,0x00000000d7b00000,0x00000000ece80000)
  from space 16896K, 50% used [0x00000000ee100000,0x00000000ee9478a0,0x00000000ef180000)
  to   space 17920K, 0% used [0x00000000ece80000,0x00000000ece80000,0x00000000ee000000)
 ParOldGen       total 94208K, used 36585K [0x0000000087000000, 0x000000008cc00000, 0x00000000d7b00000)
  object space 94208K, 38% used [0x0000000087000000,0x00000000893ba5f0,0x000000008cc00000)
 Metaspace       used 52121K, capacity 52996K, committed 53120K, reserved 1095680K
  class space    used 6739K, capacity 6930K, committed 7040K, reserved 1048576K
}
Event: 756,216 GC heap before
{Heap before GC invocations=15 (full 3):
 PSYoungGen      total 364544K, used 8478K [0x00000000d7b00000, 0x00000000ef180000, 0x0000000100000000)
  eden space 347648K, 0% used [0x00000000d7b00000,0x00000000d7b00000,0x00000000ece80000)
  from space 16896K, 50% used [0x00000000ee100000,0x00000000ee9478a0,0x00000000ef180000)
  to   space 17920K, 0% used [0x00000000ece80000,0x00000000ece80000,0x00000000ee000000)
 ParOldGen       total 94208K, used 36585K [0x0000000087000000, 0x000000008cc00000, 0x00000000d7b00000)
  object space 94208K, 38% used [0x0000000087000000,0x00000000893ba5f0,0x000000008cc00000)
 Metaspace       used 52121K, capacity 52996K, committed 53120K, reserved 1095680K
  class space    used 6739K, capacity 6930K, committed 7040K, reserved 1048576K
Event: 756,702 GC heap after
Heap after GC invocations=15 (full 3):
 PSYoungGen      total 364544K, used 0K [0x00000000d7b00000, 0x00000000ef180000, 0x0000000100000000)
  eden space 347648K, 0% used [0x00000000d7b00000,0x00000000d7b00000,0x00000000ece80000)
  from space 16896K, 0% used [0x00000000ee100000,0x00000000ee100000,0x00000000ef180000)
  to   space 17920K, 0% used [0x00000000ece80000,0x00000000ece80000,0x00000000ee000000)
 ParOldGen       total 94208K, used 31254K [0x0000000087000000, 0x000000008cc00000, 0x00000000d7b00000)
  object space 94208K, 33% used [0x0000000087000000,0x0000000088e85988,0x000000008cc00000)
 Metaspace       used 52121K, capacity 52996K, committed 53120K, reserved 1095680K
  class space    used 6739K, capacity 6930K, committed 7040K, reserved 1048576K
}
Event: 819,314 GC heap before
{Heap before GC invocations=16 (full 3):
 PSYoungGen      total 364544K, used 347648K [0x00000000d7b00000, 0x00000000ef180000, 0x0000000100000000)
  eden space 347648K, 100% used [0x00000000d7b00000,0x00000000ece80000,0x00000000ece80000)
  from space 16896K, 0% used [0x00000000ee100000,0x00000000ee100000,0x00000000ef180000)
  to   space 17920K, 0% used [0x00000000ece80000,0x00000000ece80000,0x00000000ee000000)
 ParOldGen       total 94208K, used 31254K [0x0000000087000000, 0x000000008cc00000, 0x00000000d7b00000)
  object space 94208K, 33% used [0x0000000087000000,0x0000000088e85988,0x000000008cc00000)
 Metaspace       used 52626K, capacity 53748K, committed 53888K, reserved 1095680K
  class space    used 6797K, capacity 7022K, committed 7040K, reserved 1048576K

Deoptimization events (0 events):
No events

Internal exceptions (10 events):
Event: 789,781 Thread 0x00007f7034083000 Exception <a 'java/lang/ArrayIndexOutOfBoundsException'> (0x00000000ead9dd40) thrown at [/build/openjdk-8-pZyJp3/openjdk-8-8u131-b11/src/hotspot/src/share/vm/runtime/sharedRuntime.cpp, line 605]
Event: 790,202 Thread 0x00007f7034083000 Exception <a 'java/lang/ArrayIndexOutOfBoundsException'> (0x00000000eaf760e0) thrown at [/build/openjdk-8-pZyJp3/openjdk-8-8u131-b11/src/hotspot/src/share/vm/runtime/sharedRuntime.cpp, line 605]
Event: 790,228 Thread 0x00007f7034083000 Exception <a 'java/lang/ArrayIndexOutOfBoundsException'> (0x00000000eb11f4d0) thrown at [/build/openjdk-8-pZyJp3/openjdk-8-8u131-b11/src/hotspot/src/share/vm/runtime/sharedRuntime.cpp, line 605]
Event: 790,250 Thread 0x00007f7034083000 Exception <a 'java/lang/ArrayIndexOutOfBoundsException'> (0x00000000eb50f210) thrown at [/build/openjdk-8-pZyJp3/openjdk-8-8u131-b11/src/hotspot/src/share/vm/runtime/sharedRuntime.cpp, line 605]
Event: 792,778 Thread 0x00007f7034083000 Exception <a 'java/lang/ArrayIndexOutOfBoundsException'> (0x00000000ebe8ec78) thrown at [/build/openjdk-8-pZyJp3/openjdk-8-8u131-b11/src/hotspot/src/share/vm/runtime/sharedRuntime.cpp, line 605]
Event: 792,779 Thread 0x00007f7034083000 Exception <a 'java/lang/ArrayIndexOutOfBoundsException'> (0x00000000ebe90cb0) thrown at [/build/openjdk-8-pZyJp3/openjdk-8-8u131-b11/src/hotspot/src/share/vm/runtime/sharedRuntime.cpp, line 605]
Event: 792,779 Thread 0x00007f7034083000 Exception <a 'java/lang/ArrayIndexOutOfBoundsException'> (0x00000000ebe94b78) thrown at [/build/openjdk-8-pZyJp3/openjdk-8-8u131-b11/src/hotspot/src/share/vm/runtime/sharedRuntime.cpp, line 605]
Event: 793,547 Thread 0x00007f7010003800 Exception <a 'java/net/SocketTimeoutException': Read timed out> (0x00000000d8d8d8e8) thrown at [/build/openjdk-8-pZyJp3/openjdk-8-8u131-b11/src/hotspot/src/share/vm/prims/jni.cpp, line 735]
Event: 798,233 Thread 0x00007f7010003800 Exception <a 'java/net/SocketTimeoutException': Read timed out> (0x00000000d8d8dc08) thrown at [/build/openjdk-8-pZyJp3/openjdk-8-8u131-b11/src/hotspot/src/share/vm/prims/jni.cpp, line 735]
Event: 804,187 Thread 0x00007f7010003800 Exception <a 'java/net/SocketTimeoutException': Read timed out> (0x00000000d8d8df28) thrown at [/build/openjdk-8-pZyJp3/openjdk-8-8u131-b11/src/hotspot/src/share/vm/prims/jni.cpp, line 735]

Events (10 events):
Event: 797,401 Executing VM operation: RevokeBias
Event: 797,402 Executing VM operation: RevokeBias done
Event: 799,194 Thread 0x00007f7058004800 Thread added: 0x00007f7058004800
Event: 799,194 Executing VM operation: RevokeBias
Event: 799,371 Executing VM operation: RevokeBias done
Event: 799,372 Thread 0x00007f709800d800 Thread added: 0x00007f709800d800
Event: 800,894 Executing VM operation: RevokeBias
Event: 801,228 Executing VM operation: RevokeBias done
Event: 801,230 Thread 0x00007f7034083000 Thread added: 0x00007f7034083000
Event: 817,110 Executing VM operation: RevokeBias


Dynamic libraries:
00400000-00401000 r-xp 00000000 08:05 22549717                           /usr/lib/jvm/java-8-openjdk-amd64/jre/bin/java
00600000-00601000 r--p 00000000 08:05 22549717                           /usr/lib/jvm/java-8-openjdk-amd64/jre/bin/java
00601000-00602000 rw-p 00001000 08:05 22549717                           /usr/lib/jvm/java-8-openjdk-amd64/jre/bin/java
01d03000-01d24000 rw-p 00000000 00:00 0                                  [heap]
87000000-8cc00000 rw-p 00000000 00:00 0 
8cc00000-d7b00000 ---p 00000000 00:00 0 
d7b00000-ef180000 rw-p 00000000 00:00 0 
f8880000-100000000 ---p 00000000 00:00 0 
100000000-1006e0000 rw-p 00000000 00:00 0 
1006e0000-140000000 ---p 00000000 00:00 0 
7f7010000000-7f7010021000 rw-p 00000000 00:00 0 
7f7010021000-7f7014000000 ---p 00000000 00:00 0 
7f7018000000-7f7018021000 rw-p 00000000 00:00 0 
7f7018021000-7f701c000000 ---p 00000000 00:00 0 
7f701dbea000-7f701dbed000 ---p 00000000 00:00 0 
7f701dbed000-7f701dceb000 rw-p 00000000 00:00 0 
7f701dceb000-7f701dcee000 ---p 00000000 00:00 0 
7f701dcee000-7f701ddec000 rw-p 00000000 00:00 0 
7f701ddec000-7f701ddef000 ---p 00000000 00:00 0 
7f701ddef000-7f701deed000 rw-p 00000000 00:00 0 
7f701deed000-7f701def0000 ---p 00000000 00:00 0 
7f701def0000-7f701dfee000 rw-p 00000000 00:00 0 
7f701dfee000-7f701dff1000 ---p 00000000 00:00 0 
7f701dff1000-7f701e0ef000 rw-p 00000000 00:00 0 
7f701e0ef000-7f701e0f2000 ---p 00000000 00:00 0 
7f701e0f2000-7f701e1f0000 rw-p 00000000 00:00 0 
7f701e1f0000-7f701e1f3000 ---p 00000000 00:00 0 
7f701e1f3000-7f701e4b1000 rw-p 00000000 00:00 0 
7f701e4b1000-7f701e4f1000 ---p 00000000 00:00 0 
7f701e4f1000-7f701e6f1000 rw-p 00000000 00:00 0 
7f701e6f1000-7f701e6f4000 ---p 00000000 00:00 0 
7f701e6f4000-7f701e7f2000 rw-p 00000000 00:00 0 
7f701e7f2000-7f701e7f5000 ---p 00000000 00:00 0 
7f701e7f5000-7f701e8f3000 rw-p 00000000 00:00 0 
7f701e8f3000-7f701e8f6000 ---p 00000000 00:00 0 
7f701e8f6000-7f701e9f4000 rw-p 00000000 00:00 0 
7f701e9f4000-7f701e9f7000 ---p 00000000 00:00 0 
7f701e9f7000-7f701eaf5000 rw-p 00000000 00:00 0 
7f701eaf5000-7f701eaf8000 ---p 00000000 00:00 0 
7f701eaf8000-7f701ebf6000 rw-p 00000000 00:00 0 
7f701ebf6000-7f701ebf9000 ---p 00000000 00:00 0 
7f701ebf9000-7f701ecf7000 rw-p 00000000 00:00 0 
7f701ecf7000-7f701ecfa000 ---p 00000000 00:00 0 
7f701ecfa000-7f701edf8000 rw-p 00000000 00:00 0 
7f701edf8000-7f701edfb000 ---p 00000000 00:00 0 
7f701edfb000-7f701eef9000 rw-p 00000000 00:00 0 
7f701eef9000-7f701eefc000 ---p 00000000 00:00 0 
7f701eefc000-7f701effa000 rw-p 00000000 00:00 0 
7f701effa000-7f701effd000 ---p 00000000 00:00 0 
7f701effd000-7f701f0fb000 rw-p 00000000 00:00 0 
7f701f0fb000-7f701f0fe000 ---p 00000000 00:00 0 
7f701f0fe000-7f701f1fc000 rw-p 00000000 00:00 0 
7f701f1fc000-7f701f1ff000 ---p 00000000 00:00 0 
7f701f1ff000-7f701f2fd000 rw-p 00000000 00:00 0 
7f701f2fd000-7f701f300000 ---p 00000000 00:00 0 
7f701f300000-7f701f3fe000 rw-p 00000000 00:00 0 
7f701f3fe000-7f701f401000 ---p 00000000 00:00 0 
7f701f401000-7f701f4ff000 rw-p 00000000 00:00 0 
7f701f4ff000-7f701f502000 ---p 00000000 00:00 0 
7f701f502000-7f701f800000 rw-p 00000000 00:00 0 
7f701f800000-7f701fa00000 rw-p 00000000 00:00 0 
7f701fa00000-7f701fc00000 rw-p 00000000 00:00 0 
7f701fc00000-7f701fe00000 rw-p 00000000 00:00 0 
7f701fe00000-7f7020000000 rw-p 00000000 00:00 0 
7f7020000000-7f7020021000 rw-p 00000000 00:00 0 
7f7020021000-7f7024000000 ---p 00000000 00:00 0 
7f7024000000-7f7024021000 rw-p 00000000 00:00 0 
7f7024021000-7f7028000000 ---p 00000000 00:00 0 
7f7028000000-7f7028021000 rw-p 00000000 00:00 0 
7f7028021000-7f702c000000 ---p 00000000 00:00 0 
7f702c000000-7f702c021000 rw-p 00000000 00:00 0 
7f702c021000-7f7030000000 ---p 00000000 00:00 0 
7f7030000000-7f70301f2000 rw-p 00000000 00:00 0 
7f70301f2000-7f7034000000 ---p 00000000 00:00 0 
7f7034000000-7f7034088000 rw-p 00000000 00:00 0 
7f7034088000-7f7038000000 ---p 00000000 00:00 0 
7f7038000000-7f7038021000 rw-p 00000000 00:00 0 
7f7038021000-7f703c000000 ---p 00000000 00:00 0 
7f703c000000-7f703cf23000 rw-p 00000000 00:00 0 
7f703cf23000-7f7040000000 ---p 00000000 00:00 0 
7f7040000000-7f7040021000 rw-p 00000000 00:00 0 
7f7040021000-7f7044000000 ---p 00000000 00:00 0 
7f7044000000-7f7044021000 rw-p 00000000 00:00 0 
7f7044021000-7f7048000000 ---p 00000000 00:00 0 
7f7048000000-7f7048021000 rw-p 00000000 00:00 0 
7f7048021000-7f704c000000 ---p 00000000 00:00 0 
7f704c000000-7f704c088000 rw-p 00000000 00:00 0 
7f704c088000-7f7050000000 ---p 00000000 00:00 0 
7f7050000000-7f7050021000 rw-p 00000000 00:00 0 
7f7050021000-7f7054000000 ---p 00000000 00:00 0 
7f7054000000-7f7054199000 rw-p 00000000 00:00 0 
7f7054199000-7f7058000000 ---p 00000000 00:00 0 
7f7058000000-7f7058029000 rw-p 00000000 00:00 0 
7f7058029000-7f705c000000 ---p 00000000 00:00 0 
7f705c000000-7f705c021000 rw-p 00000000 00:00 0 
7f705c021000-7f7060000000 ---p 00000000 00:00 0 
7f7060000000-7f7060021000 rw-p 00000000 00:00 0 
7f7060021000-7f7064000000 ---p 00000000 00:00 0 
7f7064000000-7f7064021000 rw-p 00000000 00:00 0 
7f7064021000-7f7068000000 ---p 00000000 00:00 0 
7f7068000000-7f7068021000 rw-p 00000000 00:00 0 
7f7068021000-7f706c000000 ---p 00000000 00:00 0 
7f706c000000-7f706c021000 rw-p 00000000 00:00 0 
7f706c021000-7f7070000000 ---p 00000000 00:00 0 
7f7070000000-7f7070845000 rw-p 00000000 00:00 0 
7f7070845000-7f7074000000 ---p 00000000 00:00 0 
7f70740fa000-7f70742fa000 rw-p 00000000 00:00 0 
7f70742fa000-7f70744fa000 rw-p 00000000 00:00 0 
7f70744fa000-7f70744fd000 ---p 00000000 00:00 0 
7f70744fd000-7f70745fb000 rw-p 00000000 00:00 0 
7f70745fb000-7f70745fe000 ---p 00000000 00:00 0 
7f70745fe000-7f70748fc000 rw-p 00000000 00:00 0 
7f70748fc000-7f70748ff000 ---p 00000000 00:00 0 
7f70748ff000-7f70749fd000 rw-p 00000000 00:00 0 
7f70749fd000-7f7074a00000 ---p 00000000 00:00 0 
7f7074a00000-7f7074cfe000 rw-p 00000000 00:00 0 
7f7074cfe000-7f7074d01000 ---p 00000000 00:00 0 
7f7074d01000-7f7074fff000 rw-p 00000000 00:00 0 
7f7074fff000-7f7078000000 rw-p 00000000 00:00 0 
7f7078000000-7f7078021000 rw-p 00000000 00:00 0 
7f7078021000-7f707c000000 ---p 00000000 00:00 0 
7f707c000000-7f707c021000 rw-p 00000000 00:00 0 
7f707c021000-7f7080000000 ---p 00000000 00:00 0 
7f7080000000-7f7080021000 rw-p 00000000 00:00 0 
7f7080021000-7f7084000000 ---p 00000000 00:00 0 
7f7084000000-7f7084072000 rw-p 00000000 00:00 0 
7f7084072000-7f7088000000 ---p 00000000 00:00 0 
7f7088000000-7f7088021000 rw-p 00000000 00:00 0 
7f7088021000-7f708c000000 ---p 00000000 00:00 0 
7f708c0d8000-7f708c0eb000 r--s 00346000 08:05 22289471                   /usr/lib/jvm/java-8-openjdk-amd64/jre/lib/resources.jar
7f708c0eb000-7f708c2eb000 rw-p 00000000 00:00 0 
7f708c2eb000-7f708c4eb000 rw-p 00000000 00:00 0 
7f708c4eb000-7f708c6eb000 rw-p 00000000 00:00 0 
7f708c6eb000-7f708c8eb000 rw-p 00000000 00:00 0 
7f708c8eb000-7f708caeb000 rw-p 00000000 00:00 0 
7f708caeb000-7f708caf0000 r--s 002f9000 08:05 22289475                   /usr/lib/jvm/java-8-openjdk-amd64/jre/lib/charsets.jar
7f708caf0000-7f708caf3000 ---p 00000000 00:00 0 
7f708caf3000-7f708cdf1000 rw-p 00000000 00:00 0 
7f708cdf1000-7f708cdf4000 ---p 00000000 00:00 0 
7f708cdf4000-7f708cef2000 rw-p 00000000 00:00 0 
7f708cef2000-7f708cef5000 ---p 00000000 00:00 0 
7f708cef5000-7f708d1f3000 rw-p 00000000 00:00 0 
7f708d1f3000-7f708d1f6000 ---p 00000000 00:00 0 
7f708d1f6000-7f708d2f4000 rw-p 00000000 00:00 0 
7f708d2f4000-7f708d2f7000 ---p 00000000 00:00 0 
7f708d2f7000-7f708d3f5000 rw-p 00000000 00:00 0 
7f708d3f5000-7f708d3f8000 ---p 00000000 00:00 0 
7f708d3f8000-7f708d4f6000 rw-p 00000000 00:00 0 
7f708d4f6000-7f708d4f9000 ---p 00000000 00:00 0 
7f708d4f9000-7f708d5f7000 rw-p 00000000 00:00 0 
7f708d5f7000-7f708d5f8000 ---p 00000000 00:00 0 
7f708d5f8000-7f708d6f8000 rw-p 00000000 00:00 0 
7f708d6f8000-7f708d6fb000 ---p 00000000 00:00 0 
7f708d6fb000-7f708d7f9000 rw-p 00000000 00:00 0 
7f708d7f9000-7f708d7fc000 ---p 00000000 00:00 0 
7f708d7fc000-7f708d8fa000 rw-p 00000000 00:00 0 
7f708d8fa000-7f708d8fd000 ---p 00000000 00:00 0 
7f708d8fd000-7f708d9fb000 rw-p 00000000 00:00 0 
7f708d9fb000-7f708da00000 r--s 0009a000 08:05 22289470                   /usr/lib/jvm/java-8-openjdk-amd64/jre/lib/jsse.jar
7f708da00000-7f708da14000 r--s 000cb000 08:05 5379200                    /home/elton/.m2/repository/io/reactivex/rxjava/1.0.17/rxjava-1.0.17.jar
7f708da14000-7f708da71000 r--s 00432000 08:05 3950772                    /home/elton/.m2/repository/com/couchbase/client/core-io/1.2.9/core-io-1.2.9.jar
7f708da71000-7f708da85000 r--s 000a7000 08:05 3950758                    /home/elton/.m2/repository/com/couchbase/client/java-client/2.2.8/java-client-2.2.8.jar
7f708da85000-7f708da8b000 r--s 00039000 08:05 3950749                    /home/elton/.m2/repository/org/springframework/data/spring-data-couchbase/2.1.5.RELEASE/spring-data-couchbase-2.1.5.RELEASE.jar
7f708da8b000-7f708da8c000 r--s 00000000 08:05 3948836                    /home/elton/.m2/repository/org/springframework/boot/spring-boot-starter-data-couchbase/1.4.2.RELEASE/spring-boot-starter-data-couchbase-1.4.2.RELEASE.jar
7f708da8c000-7f708da95000 r--s 0002d000 08:05 3673101                    /home/elton/.m2/repository/xml-apis/xml-apis/1.4.01/xml-apis-1.4.01.jar
7f708da95000-7f708daae000 r--s 00134000 08:05 9700030                    /home/elton/.m2/repository/xerces/xercesImpl/2.10.0/xercesImpl-2.10.0.jar
7f708daae000-7f708dab1000 r--s 0001c000 08:05 9700026                    /home/elton/.m2/repository/net/sourceforge/nekohtml/nekohtml/1.9.21/nekohtml-1.9.21.jar
7f708dab1000-7f708dab4000 r--s 00020000 08:05 4984259                    /home/elton/.m2/repository/org/unbescape/unbescape/1.1.0.RELEASE/unbescape-1.1.0.RELEASE.jar
7f708dab4000-7f708dab7000 r--s 00035000 08:05 4984255                    /home/elton/.m2/repository/ognl/ognl/3.0.8/ognl-3.0.8.jar
7f708dab7000-7f708dac4000 r--s 000b7000 08:05 4853674                    /home/elton/.m2/repository/org/thymeleaf/thymeleaf/2.1.5.RELEASE/thymeleaf-2.1.5.RELEASE.jar
7f708dac4000-7f708db11000 r--s 0040b000 08:05 6424926                    /home/elton/.m2/repository/org/codehaus/groovy/groovy/2.4.7/groovy-2.4.7.jar
7f708db11000-7f708db14000 r--s 0001a000 08:05 5115574                    /home/elton/.m2/repository/nz/net/ultraq/thymeleaf/thymeleaf-layout-dialect/1.4.0/thymeleaf-layout-dialect-1.4.0.jar
7f708db14000-7f708db19000 r--s 00036000 08:05 9699406                    /home/elton/.m2/repository/org/apache/tomcat/embed/tomcat-embed-websocket/8.5.6/tomcat-embed-websocket-8.5.6.jar
7f708db19000-7f708db1e000 r--s 00036000 08:05 9699411                    /home/elton/.m2/repository/org/apache/tomcat/embed/tomcat-embed-el/8.5.6/tomcat-embed-el-8.5.6.jar
7f708db1e000-7f708db47000 r--s 002b2000 08:05 9699408                    /home/elton/.m2/repository/org/apache/tomcat/embed/tomcat-embed-core/8.5.6/tomcat-embed-core-8.5.6.jar
7f708db47000-7f708db48000 r--s 00000000 08:05 9699995                    /home/elton/.m2/repository/org/springframework/boot/spring-boot-starter-tomcat/1.4.2.RELEASE/spring-boot-starter-tomcat-1.4.2.RELEASE.jar
7f708db48000-7f708db5e000 r--s 000fa000 08:05 3951066                    /home/elton/.m2/repository/org/springframework/spring-core/4.3.4.RELEASE/spring-core-4.3.4.RELEASE.jar
7f708db5e000-7f708db67000 r--s 000e9000 08:05 3944334                    /home/elton/.m2/repository/mysql/mysql-connector-java/5.1.40/mysql-connector-java-5.1.40.jar
7f708db67000-7f708db79000 r--s 000ce000 08:05 9699835                    /home/elton/.m2/repository/org/springframework/spring-webmvc/4.3.4.RELEASE/spring-webmvc-4.3.4.RELEASE.jar
7f708db79000-7f708db8a000 r--s 000b6000 08:05 9699834                    /home/elton/.m2/repository/org/springframework/spring-web/4.3.4.RELEASE/spring-web-4.3.4.RELEASE.jar
7f708db8a000-7f708db8e000 r--s 00041000 08:05 7215663                    /home/elton/.m2/repository/com/fasterxml/jackson/core/jackson-core/2.8.4/jackson-core-2.8.4.jar
7f708db8e000-7f708db91000 r--s 0000b000 08:05 9699413                    /home/elton/.m2/repository/com/fasterxml/jackson/core/jackson-annotations/2.8.4/jackson-annotations-2.8.4.jar
7f708db91000-7f708dba3000 r--s 0011c000 08:05 7215661                    /home/elton/.m2/repository/com/fasterxml/jackson/core/jackson-databind/2.8.4/jackson-databind-2.8.4.jar
7f708dba3000-7f708dba5000 r--s 0000e000 08:05 3802607                    /home/elton/.m2/repository/com/fasterxml/classmate/1.3.3/classmate-1.3.3.jar
7f708dba5000-7f708dba9000 r--s 0000c000 08:05 3410241                    /home/elton/.m2/repository/javax/validation/validation-api/1.1.0.Final/validation-api-1.1.0.Final.jar
7f708dba9000-7f708dbb9000 r--s 0009c000 08:05 6424930                    /home/elton/.m2/repository/org/hibernate/hibernate-validator/5.2.4.Final/hibernate-validator-5.2.4.Final.jar
7f708dbb9000-7f708dbba000 r--s 00000000 08:05 9699993                    /home/elton/.m2/repository/org/springframework/boot/spring-boot-starter-web/1.4.2.RELEASE/spring-boot-starter-web-1.4.2.RELEASE.jar
7f708dbba000-7f708dbbd000 r--s 00034000 08:05 4853672                    /home/elton/.m2/repository/org/thymeleaf/thymeleaf-spring4/2.1.5.RELEASE/thymeleaf-spring4-2.1.5.RELEASE.jar
7f708dbbd000-7f708dbbe000 r--s 00000000 08:05 9699991                    /home/elton/.m2/repository/org/springframework/boot/spring-boot-starter-thymeleaf/1.4.2.RELEASE/spring-boot-starter-thymeleaf-1.4.2.RELEASE.jar
7f708dbbe000-7f708dbc3000 r--s 0003c000 08:05 3951592                    /home/elton/.m2/repository/org/springframework/spring-expression/4.3.4.RELEASE/spring-expression-4.3.4.RELEASE.jar
7f708dbc3000-7f708dbcd000 r--s 0004e000 08:05 9699989                    /home/elton/.m2/repository/org/springframework/security/spring-security-web/4.1.3.RELEASE/spring-security-web-4.1.3.RELEASE.jar
7f708dbcd000-7f708dbd8000 r--s 00051000 08:05 9699987                    /home/elton/.m2/repository/org/springframework/security/spring-security-core/4.1.3.RELEASE/spring-security-core-4.1.3.RELEASE.jar
7f708dbd8000-7f708dbe2000 r--s 0007c000 08:05 9699985                    /home/elton/.m2/repository/org/springframework/security/spring-security-config/4.1.3.RELEASE/spring-security-config-4.1.3.RELEASE.jar
7f708dbe2000-7f708dbeb000 r--s 00054000 08:05 3951590                    /home/elton/.m2/repository/org/springframework/spring-aop/4.3.4.RELEASE/spring-aop-4.3.4.RELEASE.jar
7f708dbeb000-7f708dbee000 r--s 0000c000 08:05 4460522                    /home/elton/.m2/repository/org/springframework/spring-aspects/4.3.4.RELEASE/spring-aspects-4.3.4.RELEASE.jar
7f708dbee000-7f708dbf0000 r--s 00003000 08:05 6424966                    /home/elton/.m2/repository/org/slf4j/jcl-over-slf4j/1.7.21/jcl-over-slf4j-1.7.21.jar
7f708dbf0000-7f708dbfe000 r--s 000ac000 08:05 3951588                    /home/elton/.m2/repository/org/springframework/spring-beans/4.3.4.RELEASE/spring-beans-4.3.4.RELEASE.jar
7f708dbfe000-7f708dc06000 r--s 0003a000 08:05 4327493                    /home/elton/.m2/repository/org/springframework/spring-tx/4.3.4.RELEASE/spring-tx-4.3.4.RELEASE.jar
7f708dc06000-7f708dc10000 r--s 0006b000 08:05 9699981                    /home/elton/.m2/repository/org/springframework/spring-orm/4.3.4.RELEASE/spring-orm-4.3.4.RELEASE.jar
7f708dc10000-7f708dc21000 r--s 00099000 08:05 4328149                    /home/elton/.m2/repository/org/springframework/data/spring-data-commons/1.12.5.RELEASE/spring-data-commons-1.12.5.RELEASE.jar
7f708dc21000-7f708dc28000 r--s 0003e000 08:05 4328147                    /home/elton/.m2/repository/org/springframework/data/spring-data-jpa/1.10.5.RELEASE/spring-data-jpa-1.10.5.RELEASE.jar
7f708dc28000-7f708dc2a000 r--s 00006000 08:05 3542314                    /home/elton/.m2/repository/javax/transaction/javax.transaction-api/1.2/javax.transaction-api-1.2.jar
7f708dc2a000-7f708dc37000 r--s 00089000 08:05 6425262                    /home/elton/.m2/repository/org/hibernate/hibernate-entitymanager/5.0.11.Final/hibernate-entitymanager-5.0.11.Final.jar
7f708dc37000-7f708dc3a000 r--s 00010000 08:05 3542232                    /home/elton/.m2/repository/org/hibernate/common/hibernate-commons-annotations/5.0.1.Final/hibernate-commons-annotations-5.0.1.Final.jar
7f708dc3a000-7f708dc3f000 r--s 00048000 08:05 3410223                    /home/elton/.m2/repository/dom4j/dom4j/1.6.1/dom4j-1.6.1.jar
7f708dc3f000-7f708dc44000 r--s 00068000 08:05 3410233                    /home/elton/.m2/repository/antlr/antlr/2.7.7/antlr-2.7.7.jar
7f708dc44000-7f708dc4e000 r--s 000ae000 08:05 6424960                    /home/elton/.m2/repository/org/javassist/javassist/3.20.0-GA/javassist-3.20.0-GA.jar
7f708dc4e000-7f708dc53000 r--s 00017000 08:05 3410229                    /home/elton/.m2/repository/org/hibernate/javax/persistence/hibernate-jpa-2.1-api/1.0.0.Final/hibernate-jpa-2.1-api-1.0.0.Final.jar
7f708dc53000-7f708dcbc000 r--s 004f3000 08:05 3539209                    /home/elton/.m2/repository/org/hibernate/hibernate-core/5.0.11.Final/hibernate-core-5.0.11.Final.jar
7f708dcbc000-7f708dcc6000 r--s 0005f000 08:05 4198059                    /home/elton/.m2/repository/org/springframework/spring-jdbc/4.3.4.RELEASE/spring-jdbc-4.3.4.RELEASE.jar
7f708dcc6000-7f708dcdf000 r--s 001af000 08:05 3673114                    /home/elton/.m2/repository/org/aspectj/aspectjweaver/1.8.9/aspectjweaver-1.8.9.jar
7f708dcdf000-7f708dcf0000 r-xp 00000000 08:05 22415314                   /usr/lib/jvm/java-8-openjdk-amd64/jre/lib/amd64/libnio.so
7f708dcf0000-7f708def0000 ---p 00011000 08:05 22415314                   /usr/lib/jvm/java-8-openjdk-amd64/jre/lib/amd64/libnio.so
7f708def0000-7f708def1000 r--p 00011000 08:05 22415314                   /usr/lib/jvm/java-8-openjdk-amd64/jre/lib/amd64/libnio.so
7f708def1000-7f708def2000 rw-p 00012000 08:05 22415314                   /usr/lib/jvm/java-8-openjdk-amd64/jre/lib/amd64/libnio.so
7f708def2000-7f708df09000 r-xp 00000000 08:05 22419124                   /usr/lib/jvm/java-8-openjdk-amd64/jre/lib/amd64/libnet.so
7f708df09000-7f708e108000 ---p 00017000 08:05 22419124                   /usr/lib/jvm/java-8-openjdk-amd64/jre/lib/amd64/libnet.so
7f708e108000-7f708e109000 r--p 00016000 08:05 22419124                   /usr/lib/jvm/java-8-openjdk-amd64/jre/lib/amd64/libnet.so
7f708e109000-7f708e10a000 rw-p 00017000 08:05 22419124                   /usr/lib/jvm/java-8-openjdk-amd64/jre/lib/amd64/libnet.so
7f708e10a000-7f708e113000 r-xp 00000000 08:05 22419118                   /usr/lib/jvm/java-8-openjdk-amd64/jre/lib/amd64/libmanagement.so
7f708e113000-7f708e312000 ---p 00009000 08:05 22419118                   /usr/lib/jvm/java-8-openjdk-amd64/jre/lib/amd64/libmanagement.so
7f708e312000-7f708e313000 r--p 00008000 08:05 22419118                   /usr/lib/jvm/java-8-openjdk-amd64/jre/lib/amd64/libmanagement.so
7f708e313000-7f708e314000 rw-p 00009000 08:05 22419118                   /usr/lib/jvm/java-8-openjdk-amd64/jre/lib/amd64/libmanagement.so
7f708e314000-7f708e317000 ---p 00000000 00:00 0 
7f708e317000-7f708e415000 rw-p 00000000 00:00 0 
7f708e415000-7f708e418000 ---p 00000000 00:00 0 
7f708e418000-7f708e516000 rw-p 00000000 00:00 0 
7f708e516000-7f708e519000 ---p 00000000 00:00 0 
7f708e519000-7f708e617000 rw-p 00000000 00:00 0 
7f708e617000-7f708e61a000 ---p 00000000 00:00 0 
7f708e61a000-7f708e718000 rw-p 00000000 00:00 0 
7f708e718000-7f708e71b000 ---p 00000000 00:00 0 
7f708e71b000-7f708e819000 rw-p 00000000 00:00 0 
7f708e819000-7f708eaf3000 r--p 00000000 08:05 22151548                   /usr/lib/locale/locale-archive
7f708eaf3000-7f708eaf6000 ---p 00000000 00:00 0 
7f708eaf6000-7f708ebf4000 rw-p 00000000 00:00 0 
7f708ebf4000-7f708ebf7000 ---p 00000000 00:00 0 
7f708ebf7000-7f708ecf5000 rw-p 00000000 00:00 0 
7f708ecf5000-7f708ecf6000 ---p 00000000 00:00 0 
7f708ecf6000-7f7090000000 rw-p 00000000 00:00 0 
7f7090000000-7f7090021000 rw-p 00000000 00:00 0 
7f7090021000-7f7094000000 ---p 00000000 00:00 0 
7f7094000000-7f7094003000 r--s 0002b000 08:05 3411308                    /home/elton/.m2/repository/org/jboss/jandex/2.0.0.Final/jandex-2.0.0.Final.jar
7f7094003000-7f7094005000 r--s 0000f000 08:05 4984391                    /home/elton/.m2/repository/org/jboss/logging/jboss-logging/3.3.0.Final/jboss-logging-3.3.0.Final.jar
7f7094005000-7f7094007000 r--s 00009000 08:05 4198057                    /home/elton/.m2/repository/org/apache/tomcat/tomcat-juli/8.5.6/tomcat-juli-8.5.6.jar
7f7094007000-7f709400a000 r--s 00020000 08:05 4198055                    /home/elton/.m2/repository/org/apache/tomcat/tomcat-jdbc/8.5.6/tomcat-jdbc-8.5.6.jar
7f709400a000-7f7094010000 r--s 0003d000 08:05 4591279                    /home/elton/.m2/repository/org/yaml/snakeyaml/1.17/snakeyaml-1.17.jar
7f7094010000-7f709402d000 r--s 000d0000 08:05 3951584                    /home/elton/.m2/repository/org/springframework/boot/spring-boot-autoconfigure/1.4.2.RELEASE/spring-boot-autoconfigure-1.4.2.RELEASE.jar
7f709402d000-7f7094047000 r--s 000fc000 08:05 3951586                    /home/elton/.m2/repository/org/springframework/spring-context/4.3.4.RELEASE/spring-context-4.3.4.RELEASE.jar
7f7094047000-7f7094062000 r--s 00394000 08:05 22414976                   /usr/lib/jvm/java-8-openjdk-amd64/jre/lib/ext/cldrdata.jar
7f7094062000-7f709407d000 r--s 001d6000 08:05 22414977                   /usr/lib/jvm/java-8-openjdk-amd64/jre/lib/ext/nashorn.jar
7f709407d000-7f7098000000 rw-p 00000000 00:00 0 
7f7098000000-7f7098030000 rw-p 00000000 00:00 0 
7f7098030000-7f709c000000 ---p 00000000 00:00 0 
7f709c000000-7f709c001000 r--s 00000000 08:05 9699983                    /home/elton/.m2/repository/org/springframework/boot/spring-boot-starter-security/1.4.2.RELEASE/spring-boot-starter-security-1.4.2.RELEASE.jar
7f709c001000-7f709c002000 r--s 00000000 08:05 4198053                    /home/elton/.m2/repository/org/springframework/boot/spring-boot-starter-jdbc/1.4.2.RELEASE/spring-boot-starter-jdbc-1.4.2.RELEASE.jar
7f709c002000-7f709c004000 r--s 00004000 08:05 6424970                    /home/elton/.m2/repository/org/slf4j/log4j-over-slf4j/1.7.21/log4j-over-slf4j-1.7.21.jar
7f709c004000-7f709c006000 r--s 00000000 08:05 6424968                    /home/elton/.m2/repository/org/slf4j/jul-to-slf4j/1.7.21/jul-to-slf4j-1.7.21.jar
7f709c006000-7f709c010000 r--s 00069000 08:05 6424924                    /home/elton/.m2/repository/ch/qos/logback/logback-core/1.1.7/logback-core-1.1.7.jar
7f709c010000-7f709c017000 r--s 00044000 08:05 6424922                    /home/elton/.m2/repository/ch/qos/logback/logback-classic/1.1.7/logback-classic-1.1.7.jar
7f709c017000-7f709c29d000 rw-p 00000000 00:00 0 
7f709c29d000-7f709c46b000 r--s 03c13000 08:05 22289469                   /usr/lib/jvm/java-8-openjdk-amd64/jre/lib/rt.jar
7f709c46b000-7f709c833000 rw-p 00000000 00:00 0 
7f709c833000-7f709c834000 ---p 00000000 00:00 0 
7f709c834000-7f709c934000 rw-p 00000000 00:00 0 
7f709c934000-7f709c935000 ---p 00000000 00:00 0 
7f709c935000-7f709ca35000 rw-p 00000000 00:00 0 
7f709ca35000-7f709ca36000 ---p 00000000 00:00 0 
7f709ca36000-7f709cb36000 rw-p 00000000 00:00 0 
7f709cb36000-7f709cb37000 ---p 00000000 00:00 0 
7f709cb37000-7f709cc65000 rw-p 00000000 00:00 0 
7f709cc65000-7f709cebc000 ---p 00000000 00:00 0 
7f709cebc000-7f709cf78000 rw-p 00000000 00:00 0 
7f709cf78000-7f709cfff000 ---p 00000000 00:00 0 
7f709cfff000-7f709d000000 rw-p 00000000 00:00 0 
7f709d000000-7f709dcd0000 rwxp 00000000 00:00 0 
7f709dcd0000-7f70ac000000 ---p 00000000 00:00 0 
7f70ac000000-7f70ac893000 rw-p 00000000 00:00 0 
7f70ac893000-7f70b0000000 ---p 00000000 00:00 0 
7f70b0000000-7f70b0001000 r--s 00000000 08:05 4068418                    /home/elton/.m2/repository/org/springframework/boot/spring-boot-starter-aop/1.4.2.RELEASE/spring-boot-starter-aop-1.4.2.RELEASE.jar
7f70b0001000-7f70b0002000 r--s 00000000 08:05 4075107                    /home/elton/.m2/repository/org/springframework/boot/spring-boot-starter-logging/1.4.2.RELEASE/spring-boot-starter-logging-1.4.2.RELEASE.jar
7f70b0002000-7f70b0012000 r--s 00091000 08:05 3951582                    /home/elton/.m2/repository/org/springframework/boot/spring-boot/1.4.2.RELEASE/spring-boot-1.4.2.RELEASE.jar
7f70b0012000-7f70b0018000 r--s 0002c000 08:05 10362798                   /home/elton/.m2/repository/org/springframework/boot/spring-boot-devtools/1.4.2.RELEASE/spring-boot-devtools-1.4.2.RELEASE.jar
7f70b0018000-7f70b010a000 rw-p 00000000 00:00 0 
7f70b010a000-7f70b0362000 ---p 00000000 00:00 0 
7f70b0362000-7f70b0396000 rw-p 00000000 00:00 0 
7f70b0396000-7f70b0722000 ---p 00000000 00:00 0 
7f70b0722000-7f70b072a000 r-xp 00000000 08:05 22419115                   /usr/lib/jvm/java-8-openjdk-amd64/jre/lib/amd64/libzip.so
7f70b072a000-7f70b0929000 ---p 00008000 08:05 22419115                   /usr/lib/jvm/java-8-openjdk-amd64/jre/lib/amd64/libzip.so
7f70b0929000-7f70b092a000 r--p 00007000 08:05 22419115                   /usr/lib/jvm/java-8-openjdk-amd64/jre/lib/amd64/libzip.so
7f70b092a000-7f70b092b000 rw-p 00008000 08:05 22419115                   /usr/lib/jvm/java-8-openjdk-amd64/jre/lib/amd64/libzip.so
7f70b092b000-7f70b0936000 r-xp 00000000 08:05 16913147                   /lib/x86_64-linux-gnu/libnss_files-2.23.so
7f70b0936000-7f70b0b35000 ---p 0000b000 08:05 16913147                   /lib/x86_64-linux-gnu/libnss_files-2.23.so
7f70b0b35000-7f70b0b36000 r--p 0000a000 08:05 16913147                   /lib/x86_64-linux-gnu/libnss_files-2.23.so
7f70b0b36000-7f70b0b37000 rw-p 0000b000 08:05 16913147                   /lib/x86_64-linux-gnu/libnss_files-2.23.so
7f70b0b37000-7f70b0b3d000 rw-p 00000000 00:00 0 
7f70b0b3d000-7f70b0b48000 r-xp 00000000 08:05 16913150                   /lib/x86_64-linux-gnu/libnss_nis-2.23.so
7f70b0b48000-7f70b0d47000 ---p 0000b000 08:05 16913150                   /lib/x86_64-linux-gnu/libnss_nis-2.23.so
7f70b0d47000-7f70b0d48000 r--p 0000a000 08:05 16913150                   /lib/x86_64-linux-gnu/libnss_nis-2.23.so
7f70b0d48000-7f70b0d49000 rw-p 0000b000 08:05 16913150                   /lib/x86_64-linux-gnu/libnss_nis-2.23.so
7f70b0d49000-7f70b0d5f000 r-xp 00000000 08:05 16912780                   /lib/x86_64-linux-gnu/libnsl-2.23.so
7f70b0d5f000-7f70b0f5e000 ---p 00016000 08:05 16912780                   /lib/x86_64-linux-gnu/libnsl-2.23.so
7f70b0f5e000-7f70b0f5f000 r--p 00015000 08:05 16912780                   /lib/x86_64-linux-gnu/libnsl-2.23.so
7f70b0f5f000-7f70b0f60000 rw-p 00016000 08:05 16912780                   /lib/x86_64-linux-gnu/libnsl-2.23.so
7f70b0f60000-7f70b0f62000 rw-p 00000000 00:00 0 
7f70b0f62000-7f70b0f6a000 r-xp 00000000 08:05 16913156                   /lib/x86_64-linux-gnu/libnss_compat-2.23.so
7f70b0f6a000-7f70b1169000 ---p 00008000 08:05 16913156                   /lib/x86_64-linux-gnu/libnss_compat-2.23.so
7f70b1169000-7f70b116a000 r--p 00007000 08:05 16913156                   /lib/x86_64-linux-gnu/libnss_compat-2.23.so
7f70b116a000-7f70b116b000 rw-p 00008000 08:05 16913156                   /lib/x86_64-linux-gnu/libnss_compat-2.23.so
7f70b116b000-7f70b1198000 r-xp 00000000 08:05 22419130                   /usr/lib/jvm/java-8-openjdk-amd64/jre/lib/amd64/libjava.so
7f70b1198000-7f70b1397000 ---p 0002d000 08:05 22419130                   /usr/lib/jvm/java-8-openjdk-amd64/jre/lib/amd64/libjava.so
7f70b1397000-7f70b1398000 r--p 0002c000 08:05 22419130                   /usr/lib/jvm/java-8-openjdk-amd64/jre/lib/amd64/libjava.so
7f70b1398000-7f70b139a000 rw-p 0002d000 08:05 22419130                   /usr/lib/jvm/java-8-openjdk-amd64/jre/lib/amd64/libjava.so
7f70b139a000-7f70b13a9000 r-xp 00000000 08:05 22415879                   /usr/lib/jvm/java-8-openjdk-amd64/jre/lib/amd64/libverify.so
7f70b13a9000-7f70b15a8000 ---p 0000f000 08:05 22415879                   /usr/lib/jvm/java-8-openjdk-amd64/jre/lib/amd64/libverify.so
7f70b15a8000-7f70b15aa000 r--p 0000e000 08:05 22415879                   /usr/lib/jvm/java-8-openjdk-amd64/jre/lib/amd64/libverify.so
7f70b15aa000-7f70b15ab000 rw-p 00010000 08:05 22415879                   /usr/lib/jvm/java-8-openjdk-amd64/jre/lib/amd64/libverify.so
7f70b15ab000-7f70b15b2000 r-xp 00000000 08:05 16913152                   /lib/x86_64-linux-gnu/librt-2.23.so
7f70b15b2000-7f70b17b1000 ---p 00007000 08:05 16913152                   /lib/x86_64-linux-gnu/librt-2.23.so
7f70b17b1000-7f70b17b2000 r--p 00006000 08:05 16913152                   /lib/x86_64-linux-gnu/librt-2.23.so
7f70b17b2000-7f70b17b3000 rw-p 00007000 08:05 16913152                   /lib/x86_64-linux-gnu/librt-2.23.so
7f70b17b3000-7f70b17c9000 r-xp 00000000 08:05 16912882                   /lib/x86_64-linux-gnu/libgcc_s.so.1
7f70b17c9000-7f70b19c8000 ---p 00016000 08:05 16912882                   /lib/x86_64-linux-gnu/libgcc_s.so.1
7f70b19c8000-7f70b19c9000 rw-p 00015000 08:05 16912882                   /lib/x86_64-linux-gnu/libgcc_s.so.1
7f70b19c9000-7f70b1ad1000 r-xp 00000000 08:05 16913161                   /lib/x86_64-linux-gnu/libm-2.23.so
7f70b1ad1000-7f70b1cd0000 ---p 00108000 08:05 16913161                   /lib/x86_64-linux-gnu/libm-2.23.so
7f70b1cd0000-7f70b1cd1000 r--p 00107000 08:05 16913161                   /lib/x86_64-linux-gnu/libm-2.23.so
7f70b1cd1000-7f70b1cd2000 rw-p 00108000 08:05 16913161                   /lib/x86_64-linux-gnu/libm-2.23.so
7f70b1cd2000-7f70b1e44000 r-xp 00000000 08:05 22153020                   /usr/lib/x86_64-linux-gnu/libstdc++.so.6.0.21
7f70b1e44000-7f70b2044000 ---p 00172000 08:05 22153020                   /usr/lib/x86_64-linux-gnu/libstdc++.so.6.0.21
7f70b2044000-7f70b204e000 r--p 00172000 08:05 22153020                   /usr/lib/x86_64-linux-gnu/libstdc++.so.6.0.21
7f70b204e000-7f70b2050000 rw-p 0017c000 08:05 22153020                   /usr/lib/x86_64-linux-gnu/libstdc++.so.6.0.21
7f70b2050000-7f70b2054000 rw-p 00000000 00:00 0 
7f70b2054000-7f70b2ca8000 r-xp 00000000 08:05 22419114                   /usr/lib/jvm/java-8-openjdk-amd64/jre/lib/amd64/server/libjvm.so
7f70b2ca8000-7f70b2ea8000 ---p 00c54000 08:05 22419114                   /usr/lib/jvm/java-8-openjdk-amd64/jre/lib/amd64/server/libjvm.so
7f70b2ea8000-7f70b2f3b000 r--p 00c54000 08:05 22419114                   /usr/lib/jvm/java-8-openjdk-amd64/jre/lib/amd64/server/libjvm.so
7f70b2f3b000-7f70b2f64000 rw-p 00ce7000 08:05 22419114                   /usr/lib/jvm/java-8-openjdk-amd64/jre/lib/amd64/server/libjvm.so
7f70b2f64000-7f70b2f94000 rw-p 00000000 00:00 0 
7f70b2f94000-7f70b2fac000 r-xp 00000000 08:05 16913149                   /lib/x86_64-linux-gnu/libpthread-2.23.so
7f70b2fac000-7f70b31ab000 ---p 00018000 08:05 16913149                   /lib/x86_64-linux-gnu/libpthread-2.23.so
7f70b31ab000-7f70b31ac000 r--p 00017000 08:05 16913149                   /lib/x86_64-linux-gnu/libpthread-2.23.so
7f70b31ac000-7f70b31ad000 rw-p 00018000 08:05 16913149                   /lib/x86_64-linux-gnu/libpthread-2.23.so
7f70b31ad000-7f70b31b1000 rw-p 00000000 00:00 0 
7f70b31b1000-7f70b31b4000 r-xp 00000000 08:05 16913155                   /lib/x86_64-linux-gnu/libdl-2.23.so
7f70b31b4000-7f70b33b3000 ---p 00003000 08:05 16913155                   /lib/x86_64-linux-gnu/libdl-2.23.so
7f70b33b3000-7f70b33b4000 r--p 00002000 08:05 16913155                   /lib/x86_64-linux-gnu/libdl-2.23.so
7f70b33b4000-7f70b33b5000 rw-p 00003000 08:05 16913155                   /lib/x86_64-linux-gnu/libdl-2.23.so
7f70b33b5000-7f70b33ce000 r-xp 00000000 08:05 16913035                   /lib/x86_64-linux-gnu/libz.so.1.2.8
7f70b33ce000-7f70b35cd000 ---p 00019000 08:05 16913035                   /lib/x86_64-linux-gnu/libz.so.1.2.8
7f70b35cd000-7f70b35ce000 r--p 00018000 08:05 16913035                   /lib/x86_64-linux-gnu/libz.so.1.2.8
7f70b35ce000-7f70b35cf000 rw-p 00019000 08:05 16913035                   /lib/x86_64-linux-gnu/libz.so.1.2.8
7f70b35cf000-7f70b378f000 r-xp 00000000 08:05 16913166                   /lib/x86_64-linux-gnu/libc-2.23.so
7f70b378f000-7f70b398f000 ---p 001c0000 08:05 16913166                   /lib/x86_64-linux-gnu/libc-2.23.so
7f70b398f000-7f70b3993000 r--p 001c0000 08:05 16913166                   /lib/x86_64-linux-gnu/libc-2.23.so
7f70b3993000-7f70b3995000 rw-p 001c4000 08:05 16913166                   /lib/x86_64-linux-gnu/libc-2.23.so
7f70b3995000-7f70b3999000 rw-p 00000000 00:00 0 
7f70b3999000-7f70b39a6000 r-xp 00000000 08:05 22415877                   /usr/lib/jvm/java-8-openjdk-amd64/jre/lib/amd64/jli/libjli.so
7f70b39a6000-7f70b3ba6000 ---p 0000d000 08:05 22415877                   /usr/lib/jvm/java-8-openjdk-amd64/jre/lib/amd64/jli/libjli.so
7f70b3ba6000-7f70b3ba7000 r--p 0000d000 08:05 22415877                   /usr/lib/jvm/java-8-openjdk-amd64/jre/lib/amd64/jli/libjli.so
7f70b3ba7000-7f70b3ba8000 rw-p 0000e000 08:05 22415877                   /usr/lib/jvm/java-8-openjdk-amd64/jre/lib/amd64/jli/libjli.so
7f70b3ba8000-7f70b3bce000 r-xp 00000000 08:05 16912966                   /lib/x86_64-linux-gnu/ld-2.23.so
7f70b3bce000-7f70b3bcf000 r--s 00000000 08:05 3951580                    /home/elton/.m2/repository/org/springframework/boot/spring-boot-starter/1.4.2.RELEASE/spring-boot-starter-1.4.2.RELEASE.jar
7f70b3bcf000-7f70b3bd0000 r--s 00000000 08:05 3944330                    /home/elton/.m2/repository/org/springframework/boot/spring-boot-starter-data-jpa/1.4.2.RELEASE/spring-boot-starter-data-jpa-1.4.2.RELEASE.jar
7f70b3bd0000-7f70b3bda000 r--s 00116000 08:05 22414978                   /usr/lib/jvm/java-8-openjdk-amd64/jre/lib/ext/localedata.jar
7f70b3bda000-7f70b3ca4000 rw-p 00000000 00:00 0 
7f70b3ca4000-7f70b3ca7000 ---p 00000000 00:00 0 
7f70b3ca7000-7f70b3daa000 rw-p 00000000 00:00 0 
7f70b3daa000-7f70b3dac000 r--s 00009000 08:05 6424972                    /home/elton/.m2/repository/org/slf4j/slf4j-api/1.7.21/slf4j-api-1.7.21.jar
7f70b3dac000-7f70b3daf000 r--s 0001f000 08:05 6557837                    /home/elton/.m2/repository/com/zaxxer/HikariCP/2.4.7/HikariCP-2.4.7.jar
7f70b3daf000-7f70b3db1000 r--s 00001000 08:05 22414980                   /usr/lib/jvm/java-8-openjdk-amd64/jre/lib/ext/dnsns.jar
7f70b3db1000-7f70b3db4000 r--s 0000f000 08:05 22414983                   /usr/lib/jvm/java-8-openjdk-amd64/jre/lib/ext/icedtea-sound.jar
7f70b3db4000-7f70b3db8000 r--s 00037000 08:05 22414979                   /usr/lib/jvm/java-8-openjdk-amd64/jre/lib/ext/sunpkcs11.jar
7f70b3db8000-7f70b3db9000 r--s 0000a000 08:05 22414981                   /usr/lib/jvm/java-8-openjdk-amd64/jre/lib/ext/jaccess.jar
7f70b3db9000-7f70b3dbb000 r--s 00008000 08:05 22414984                   /usr/lib/jvm/java-8-openjdk-amd64/jre/lib/ext/sunec.jar
7f70b3dbb000-7f70b3dc0000 r--s 0003b000 08:05 22414982                   /usr/lib/jvm/java-8-openjdk-amd64/jre/lib/ext/sunjce_provider.jar
7f70b3dc0000-7f70b3dc1000 r--s 00010000 08:05 22414985                   /usr/lib/jvm/java-8-openjdk-amd64/jre/lib/ext/zipfs.jar
7f70b3dc1000-7f70b3dc9000 rw-s 00000000 08:05 10095219                   /tmp/hsperfdata_elton/19698
7f70b3dc9000-7f70b3dca000 rw-p 00000000 00:00 0 
7f70b3dca000-7f70b3dcb000 ---p 00000000 00:00 0 
7f70b3dcb000-7f70b3dcd000 rw-p 00000000 00:00 0 
7f70b3dcd000-7f70b3dce000 r--p 00025000 08:05 16912966                   /lib/x86_64-linux-gnu/ld-2.23.so
7f70b3dce000-7f70b3dcf000 rw-p 00026000 08:05 16912966                   /lib/x86_64-linux-gnu/ld-2.23.so
7f70b3dcf000-7f70b3dd0000 rw-p 00000000 00:00 0 
7ffd3541b000-7ffd3543e000 rw-p 00000000 00:00 0                          [stack]
7ffd354d4000-7ffd354d6000 r--p 00000000 00:00 0                          [vvar]
7ffd354d6000-7ffd354d8000 r-xp 00000000 00:00 0                          [vdso]
ffffffffff600000-ffffffffff601000 r-xp 00000000 00:00 0                  [vsyscall]

VM Arguments:
jvm_args: -Dcom.sun.management.jmxremote -Dcom.sun.management.jmxremote.port=40811 -Dcom.sun.management.jmxremote.authenticate=false -Dcom.sun.management.jmxremote.ssl=false -Djava.rmi.server.hostname=localhost -Dspring.application.admin.enabled=true -Djava.security.egd=file:/dev/./urandom -Xverify:none -XX:TieredStopAtLevel=1 -Dfile.encoding=UTF-8 
java_command: com.example.DemoApplication
java_class_path (initial): /home/elton/eclipse-workspace/PIM/sycon/target/classes:/home/elton/.m2/repository/com/zaxxer/HikariCP/2.4.7/HikariCP-2.4.7.jar:/home/elton/.m2/repository/org/slf4j/slf4j-api/1.7.21/slf4j-api-1.7.21.jar:/home/elton/.m2/repository/org/springframework/boot/spring-boot-devtools/1.4.2.RELEASE/spring-boot-devtools-1.4.2.RELEASE.jar:/home/elton/.m2/repository/org/springframework/boot/spring-boot/1.4.2.RELEASE/spring-boot-1.4.2.RELEASE.jar:/home/elton/.m2/repository/org/springframework/spring-context/4.3.4.RELEASE/spring-context-4.3.4.RELEASE.jar:/home/elton/.m2/repository/org/springframework/boot/spring-boot-autoconfigure/1.4.2.RELEASE/spring-boot-autoconfigure-1.4.2.RELEASE.jar:/home/elton/.m2/repository/org/springframework/boot/spring-boot-starter-data-jpa/1.4.2.RELEASE/spring-boot-starter-data-jpa-1.4.2.RELEASE.jar:/home/elton/.m2/repository/org/springframework/boot/spring-boot-starter/1.4.2.RELEASE/spring-boot-starter-1.4.2.RELEASE.jar:/home/elton/.m2/repository/org/springframework/boot/spring-boot-starter-logging/1.4.2.RELEASE/spring-boot-starter-logging-1.4.2.RELEASE.jar:/home/elton/.m2/repository/ch/qos/logback/logback-classic/1.1.7/logback-classic-1.1.7.jar:/home/elton/.m2/repository/ch/qos/logback/logback-core/1.1.7/logback-core-1.1.7.jar:/home/elton/.m2/repository/org/slf4j/jul-to-slf4j/1.7.21/jul-to-slf4j-1.7.21.jar:/home/elton/.m2/repository/org/slf4j/log4j-over-slf4j/1.7.21/log4j-over-slf4j-1.7.21.jar:/home/elton/.m2/repository/org/yaml/snakeyaml/1.17/snakeyaml-1.17.jar:/home/elton/.m2/repository/org/springframework/boot/spring-boot-starter-aop/1.4.2.RELEASE/spring-boot-starter-aop-1.4.2.RELEASE.jar:/home/elton/.m2/repository/org/aspectj/aspectjweaver/1.8.9/aspectjweaver-1.8.9.jar:/home/elton/.m2/repository/org/springframework/boot/spring-boot-starter-jdbc/1.4.2.RELEASE/spring-boot-starter-jdbc-1.4.2.RELEASE.jar:/home/elton/.m2/repository/org/apache/tomcat/tomcat-jdbc/8.5.6/tomcat-jdbc-8.5.6.jar:/home/elton/.m2/repository/org/apach
Launcher Type: SUN_STANDARD

Environment Variables:
JAVA_HOME=/usr/lib/jvm/java-8-oracle
PATH=/home/elton/bin:/home/elton/.local/bin:/usr/local/sbin:/usr/local/bin:/usr/sbin:/usr/bin:/sbin:/bin:/usr/games:/usr/local/games:/usr/lib/jvm/java-8-oracle/bin:/usr/lib/jvm/java-8-oracle/db/bin:/usr/lib/jvm/java-8-oracle/jre/bin
SHELL=/bin/bash
DISPLAY=:0

Signal Handlers:
SIGSEGV: [libjvm.so+0xa6ad10], sa_mask[0]=11111111011111111101111111111110, sa_flags=SA_RESTART|SA_SIGINFO
SIGBUS: [libjvm.so+0xa6ad10], sa_mask[0]=11111111011111111101111111111110, sa_flags=SA_RESTART|SA_SIGINFO
SIGFPE: [libjvm.so+0x8b3bc0], sa_mask[0]=11111111011111111101111111111110, sa_flags=SA_RESTART|SA_SIGINFO
SIGPIPE: [libjvm.so+0x8b3bc0], sa_mask[0]=11111111011111111101111111111110, sa_flags=SA_RESTART|SA_SIGINFO
SIGXFSZ: [libjvm.so+0x8b3bc0], sa_mask[0]=11111111011111111101111111111110, sa_flags=SA_RESTART|SA_SIGINFO
SIGILL: [libjvm.so+0x8b3bc0], sa_mask[0]=11111111011111111101111111111110, sa_flags=SA_RESTART|SA_SIGINFO
SIGUSR1: SIG_DFL, sa_mask[0]=00000000000000000000000000000000, sa_flags=none
SIGUSR2: [libjvm.so+0x8b3a70], sa_mask[0]=00100000000000000000000000000000, sa_flags=SA_RESTART|SA_SIGINFO
SIGHUP: [libjvm.so+0x8b3f40], sa_mask[0]=11111111011111111101111111111110, sa_flags=SA_RESTART|SA_SIGINFO
SIGINT: [libjvm.so+0x8b3f40], sa_mask[0]=11111111011111111101111111111110, sa_flags=SA_RESTART|SA_SIGINFO
SIGTERM: [libjvm.so+0x8b3f40], sa_mask[0]=11111111011111111101111111111110, sa_flags=SA_RESTART|SA_SIGINFO
SIGQUIT: [libjvm.so+0x8b3f40], sa_mask[0]=11111111011111111101111111111110, sa_flags=SA_RESTART|SA_SIGINFO


---------------  S Y S T E M  ---------------

OS:DISTRIB_ID=LinuxMint
DISTRIB_RELEASE=18.2
DISTRIB_CODENAME=sonya
DISTRIB_DESCRIPTION="Linux Mint 18.2 Sonya"

uname:Linux 4.10.0-37-generic #41~16.04.1-Ubuntu SMP Fri Oct 6 22:42:59 UTC 2017 x86_64
libc:glibc 2.23 NPTL 2.23 
rlimit: STACK 8192k, CORE 0k, NPROC 30770, NOFILE 1048576, AS infinity
load average:13,39 7,77 4,72

/proc/meminfo:
MemTotal:        7924532 kB
MemFree:          128776 kB
MemAvailable:      29824 kB
Buffers:             844 kB
Cached:           293804 kB
SwapCached:            0 kB
Active:          7254344 kB
Inactive:         266204 kB
Active(anon):    7243792 kB
Inactive(anon):   244884 kB
Active(file):      10552 kB
Inactive(file):    21320 kB
Unevictable:          88 kB
Mlocked:              88 kB
SwapTotal:             0 kB
SwapFree:              0 kB
Dirty:               336 kB
Writeback:             0 kB
AnonPages:       7226240 kB
Mapped:           175240 kB
Shmem:            262524 kB
Slab:             107600 kB
SReclaimable:      52772 kB
SUnreclaim:        54828 kB
KernelStack:       15024 kB
PageTables:        76496 kB
NFS_Unstable:          0 kB
Bounce:                0 kB
WritebackTmp:          0 kB
CommitLimit:     3962264 kB
Committed_AS:   12484196 kB
VmallocTotal:   34359738367 kB
VmallocUsed:           0 kB
VmallocChunk:          0 kB
HardwareCorrupted:     0 kB
AnonHugePages:   3129344 kB
ShmemHugePages:        0 kB
ShmemPmdMapped:        0 kB
CmaTotal:              0 kB
CmaFree:               0 kB
HugePages_Total:       0
HugePages_Free:        0
HugePages_Rsvd:        0
HugePages_Surp:        0
Hugepagesize:       2048 kB
DirectMap4k:      197708 kB
DirectMap2M:     7940096 kB
DirectMap1G:     1048576 kB


CPU:total 4 (initial active 4) (2 cores per cpu, 2 threads per core) family 6 model 78 stepping 3, cmov, cx8, fxsr, mmx, sse, sse2, sse3, ssse3, sse4.1, sse4.2, popcnt, avx, avx2, aes, clmul, erms, 3dnowpref, lzcnt, ht, tsc, tscinvbit, bmi1, bmi2, adx

/proc/cpuinfo:
processor	: 0
vendor_id	: GenuineIntel
cpu family	: 6
model		: 78
model name	: Intel(R) Core(TM) i7-6500U CPU @ 2.50GHz
stepping	: 3
microcode	: 0xba
cpu MHz		: 493.688
cache size	: 4096 KB
physical id	: 0
siblings	: 4
core id		: 0
cpu cores	: 2
apicid		: 0
initial apicid	: 0
fpu		: yes
fpu_exception	: yes
cpuid level	: 22
wp		: yes
flags		: fpu vme de pse tsc msr pae mce cx8 apic sep mtrr pge mca cmov pat pse36 clflush dts acpi mmx fxsr sse sse2 ss ht tm pbe syscall nx pdpe1gb rdtscp lm constant_tsc art arch_perfmon pebs bts rep_good nopl xtopology nonstop_tsc aperfmperf tsc_known_freq pni pclmulqdq dtes64 monitor ds_cpl vmx est tm2 ssse3 sdbg fma cx16 xtpr pdcm pcid sse4_1 sse4_2 x2apic movbe popcnt tsc_deadline_timer aes xsave avx f16c rdrand lahf_lm abm 3dnowprefetch epb intel_pt tpr_shadow vnmi flexpriority ept vpid fsgsbase tsc_adjust bmi1 avx2 smep bmi2 erms invpcid mpx rdseed adx smap clflushopt xsaveopt xsavec xgetbv1 xsaves dtherm ida arat pln pts hwp hwp_notify hwp_act_window hwp_epp
bugs		:
bogomips	: 5184.00
clflush size	: 64
cache_alignment	: 64
address sizes	: 39 bits physical, 48 bits virtual
power management:

processor	: 1
vendor_id	: GenuineIntel
cpu family	: 6
model		: 78
model name	: Intel(R) Core(TM) i7-6500U CPU @ 2.50GHz
stepping	: 3
microcode	: 0xba
cpu MHz		: 496.386
cache size	: 4096 KB
physical id	: 0
siblings	: 4
core id		: 1
cpu cores	: 2
apicid		: 2
initial apicid	: 2
fpu		: yes
fpu_exception	: yes
cpuid level	: 22
wp		: yes
flags		: fpu vme de pse tsc msr pae mce cx8 apic sep mtrr pge mca cmov pat pse36 clflush dts acpi mmx fxsr sse sse2 ss ht tm pbe syscall nx pdpe1gb rdtscp lm constant_tsc art arch_perfmon pebs bts rep_good nopl xtopology nonstop_tsc aperfmperf tsc_known_freq pni pclmulqdq dtes64 monitor ds_cpl vmx est tm2 ssse3 sdbg fma cx16 xtpr pdcm pcid sse4_1 sse4_2 x2apic movbe popcnt tsc_deadline_timer aes xsave avx f16c rdrand lahf_lm abm 3dnowprefetch epb intel_pt tpr_shadow vnmi flexpriority ept vpid fsgsbase tsc_adjust bmi1 avx2 smep bmi2 erms invpcid mpx rdseed adx smap clflushopt xsaveopt xsavec xgetbv1 xsaves dtherm ida arat pln pts hwp hwp_notify hwp_act_window hwp_epp
bugs		:
bogomips	: 5184.00
clflush size	: 64
cache_alignment	: 64
address sizes	: 39 bits physical, 48 bits virtual
power management:

processor	: 2
vendor_id	: GenuineIntel
cpu family	: 6
model		: 78
model name	: Intel(R) Core(TM) i7-6500U CPU @ 2.50GHz
stepping	: 3
microcode	: 0xba
cpu MHz		: 491.308
cache size	: 4096 KB
physical id	: 0
siblings	: 4
core id		: 0
cpu cores	: 2
apicid		: 1
initial apicid	: 1
fpu		: yes
fpu_exception	: yes
cpuid level	: 22
wp		: yes
flags		: fpu vme de pse tsc msr pae mce cx8 apic sep mtrr pge mca cmov pat pse36 clflush dts acpi mmx fxsr sse sse2 ss ht tm pbe syscall nx pdpe1gb rdtscp lm constant_tsc art arch_perfmon pebs bts rep_good nopl xtopology nonstop_tsc aperfmperf tsc_known_freq pni pclmulqdq dtes64 monitor ds_cpl vmx est tm2 ssse3 sdbg fma cx16 xtpr pdcm pcid sse4_1 sse4_2 x2apic movbe popcnt tsc_deadline_timer aes xsave avx f16c rdrand lahf_lm abm 3dnowprefetch epb intel_pt tpr_shadow vnmi flexpriority ept vpid fsgsbase tsc_adjust bmi1 avx2 smep bmi2 erms invpcid mpx rdseed adx smap clflushopt xsaveopt xsavec xgetbv1 xsaves dtherm ida arat pln pts hwp hwp_notify hwp_act_window hwp_epp
bugs		:
bogomips	: 5184.00
clflush size	: 64
cache_alignment	: 64
address sizes	: 39 bits physical, 48 bits virtual
power management:

processor	: 3
vendor_id	: GenuineIntel
cpu family	: 6
model		: 78
model name	: Intel(R) Core(TM) i7-6500U CPU @ 2.50GHz
stepping	: 3
microcode	: 0xba
cpu MHz		: 495.117
cache size	: 4096 KB
physical id	: 0
siblings	: 4
core id		: 1
cpu cores	: 2
apicid		: 3
initial apicid	: 3
fpu		: yes
fpu_exception	: yes
cpuid level	: 22
wp		: yes
flags		: fpu vme de pse tsc msr pae mce cx8 apic sep mtrr pge mca cmov pat pse36 clflush dts acpi mmx fxsr sse sse2 ss ht tm pbe syscall nx pdpe1gb rdtscp lm constant_tsc art arch_perfmon pebs bts rep_good nopl xtopology nonstop_tsc aperfmperf tsc_known_freq pni pclmulqdq dtes64 monitor ds_cpl vmx est tm2 ssse3 sdbg fma cx16 xtpr pdcm pcid sse4_1 sse4_2 x2apic movbe popcnt tsc_deadline_timer aes xsave avx f16c rdrand lahf_lm abm 3dnowprefetch epb intel_pt tpr_shadow vnmi flexpriority ept vpid fsgsbase tsc_adjust bmi1 avx2 smep bmi2 erms invpcid mpx rdseed adx smap clflushopt xsaveopt xsavec xgetbv1 xsaves dtherm ida arat pln pts hwp hwp_notify hwp_act_window hwp_epp
bugs		:
bogomips	: 5184.00
clflush size	: 64
cache_alignment	: 64
address sizes	: 39 bits physical, 48 bits virtual
power management:



Memory: 4k page, physical 7924532k(128776k free), swap 0k(0k free)

vm_info: OpenJDK 64-Bit Server VM (25.131-b11) for linux-amd64 JRE (1.8.0_131-8u131-b11-2ubuntu1.16.04.3-b11), built on Jul 28 2017 01:23:32 by "buildd" with gcc 5.4.0 20160609

time: Sun Nov 12 18:52:51 2017
elapsed time: 843 seconds (0d 0h 14m 3s)

